------------------------------
  Elements     Atomic Weight  
------------------------------
  1.	H          1.00800002
  2.	O         15.99899960
  3.	N         14.00699997
  4.	AL        26.98150000
  5.	AR        39.94800186
------------------------------


----------------------------------------------------------------------------------------------------------------------
                                                Molecular        Temperature        Elements
  Species                  Phase  Charge         weight         Low      High       H       O       N      AL      AR
----------------------------------------------------------------------------------------------------------------------
    1. H                     G      0            1.008000    200.00   6000.00       1       0       0       0       0
    2. H2                    G      0            2.016000    200.00   6000.00       2       0       0       0       0
    3. O                     G      0           15.999000    200.00   6000.00       0       1       0       0       0
    4. O2                    G      0           31.997999    200.00   6000.00       0       2       0       0       0
    5. OH                    G      0           17.007000    200.00   6000.00       1       1       0       0       0
    6. HO2                   G      0           33.005999    200.00   5000.00       1       2       0       0       0
    7. H2O                   G      0           18.015000    200.00   6000.00       2       1       0       0       0
    8. H2O2                  G      0           34.013999    200.00   6000.00       2       2       0       0       0
    9. AL                    G      0           26.981500    200.00   6000.00       0       0       0       1       0
   10. ALO                   G      0           42.980500    200.00   6000.00       0       1       0       1       0
   11. ALO2                  G      0           58.979499    200.00   6000.00       0       2       0       1       0
   12. AL2O                  G      0           69.962000    200.00   6000.00       0       1       0       2       0
   13. AL2O2                 G      0           85.960999    200.00   6000.00       0       2       0       2       0
   14. AL2O3                 G      0          101.959999    200.00   5000.00       0       3       0       2       0
   15. ALH                   G      0           27.989500    200.00   6000.00       1       0       0       1       0
   16. ALH2                  G      0           28.997500    200.00   6000.00       2       0       0       1       0
   17. ALH3                  G      0           30.005500    200.00   6000.00       3       0       0       1       0
   18. ALOH                  G      0           43.988500    200.00   6000.00       1       1       0       1       0
   19. AL2O3L                L      0          101.959999    300.00   6000.00       0       3       0       2       0
   20. N2                    G      0           28.014000    200.00   6000.00       0       0       2       0       0
   21. AR                    G      0           39.948002    200.00   6000.00       0       0       0       0       1
----------------------------------------------------------------------------------------------------------------------

----------------------------------------------------------------------------------------------------------------------
                                                Molecular        Temperature        Elements
  Species                  Phase  Charge         weight         Low      High       H       O       N      AL      AR
----------------------------------------------------------------------------------------------------------------------
   21. AR                    G      0           39.948002    200.00   6000.00       0       0       0       0       1
   19. AL2O3L                L      0          101.959999    300.00   6000.00       0       3       0       2       0
   14. AL2O3                 G      0          101.959999    200.00   5000.00       0       3       0       2       0
   13. AL2O2                 G      0           85.960999    200.00   6000.00       0       2       0       2       0
    4. O2                    G      0           31.997999    200.00   6000.00       0       2       0       0       0
   11. ALO2                  G      0           58.979499    200.00   6000.00       0       2       0       1       0
   12. AL2O                  G      0           69.962000    200.00   6000.00       0       1       0       2       0
    3. O                     G      0           15.999000    200.00   6000.00       0       1       0       0       0
   10. ALO                   G      0           42.980500    200.00   6000.00       0       1       0       1       0
    9. AL                    G      0           26.981500    200.00   6000.00       0       0       0       1       0
   20. N2                    G      0           28.014000    200.00   6000.00       0       0       2       0       0
    5. OH                    G      0           17.007000    200.00   6000.00       1       1       0       0       0
   18. ALOH                  G      0           43.988500    200.00   6000.00       1       1       0       1       0
   15. ALH                   G      0           27.989500    200.00   6000.00       1       0       0       1       0
    6. HO2                   G      0           33.005999    200.00   5000.00       1       2       0       0       0
    1. H                     G      0            1.008000    200.00   6000.00       1       0       0       0       0
    2. H2                    G      0            2.016000    200.00   6000.00       2       0       0       0       0
    7. H2O                   G      0           18.015000    200.00   6000.00       2       1       0       0       0
    8. H2O2                  G      0           34.013999    200.00   6000.00       2       2       0       0       0
   16. ALH2                  G      0           28.997500    200.00   6000.00       2       0       0       1       0
   17. ALH3                  G      0           30.005500    200.00   6000.00       3       0       0       1       0
----------------------------------------------------------------------------------------------------------------------

------------------------------------------------------------------------------------------------------------------
  Species                  Shape       eps/kb          sigma             mu           alfa        zRot298         
------------------------------------------------------------------------------------------------------------------
    1. H                     0       145.0000         2.0500         0.0000         0.0000         0.0000
    2. H2                    1        38.0000         2.9200         0.0000         0.7900       280.0000
    3. O                     0        80.0000         2.7500         0.0000         0.0000         0.0000
    4. O2                    1       107.4000         3.4580         0.0000         1.6000         3.8000
    5. OH                    1        80.0000         2.7500         0.0000         0.0000         0.0000
    6. HO2                   2       107.4000         3.4580         0.0000         0.0000         1.0000
    7. H2O                   2       572.4000         2.6050         1.8440         0.0000         4.0000
    8. H2O2                  2       107.4000         3.4580         0.0000         0.0000         3.8000
    9. Al                    0      2836.0000         2.6550         0.0000         8.3400         1.0000
   10. AlO                   1      1381.2000         3.2030         4.3200         6.7000         1.0000
   11. AlO2                  1       984.0000         3.5640         0.0000         9.3300         1.0000
   12. Al2O                  1      2231.0000         3.3440         0.0000        12.6000         1.0000
   13. Al2O2                 2       915.2000         4.0890         5.9000        11.1000         1.0000
   14. Al2O3                 1       352.0000         4.2640         0.0000         9.5000         1.0000
   15. AlH                   1      1101.8000         2.9750         0.1770         6.2640         1.0000
   16. AlH2                  2       526.8000         3.1840         0.4810         5.6450         1.0000
   17. AlH3                  2       119.8000         4.0010         0.0000         4.3900         1.0000
   18. AlOH                  2       668.7000         3.3740         0.8100         6.7100         1.0000
   19. Al2O3L                1       352.0000         4.2640         0.0000         9.5000         1.0000
   20. N2                    1        97.5300         3.6210         0.0000         1.7600         4.0000
   21. Ar                    0       136.5000         3.3300         0.0000         0.0000         0.0000
------------------------------------------------------------------------------------------------------------------


------------------------------------------------------------------------------------------------------------------
  Species                  Shape       eps/kb          sigma             mu           alfa        zRot298         
------------------------------------------------------------------------------------------------------------------
    1. H                     0       145.0000         2.0500         0.0000         0.0000         0.0000
    2. H2                    1        38.0000         2.9200         0.0000         0.7900       280.0000
    3. O                     0        80.0000         2.7500         0.0000         0.0000         0.0000
    4. O2                    1       107.4000         3.4580         0.0000         1.6000         3.8000
    5. OH                    1        80.0000         2.7500         0.0000         0.0000         0.0000
    6. HO2                   2       107.4000         3.4580         0.0000         0.0000         1.0000
    7. H2O                   2       572.4000         2.6050         1.8440         0.0000         4.0000
    8. H2O2                  2       107.4000         3.4580         0.0000         0.0000         3.8000
    9. Al                    0      2836.0000         2.6550         0.0000         8.3400         1.0000
   10. AlO                   1      1381.2000         3.2030         4.3200         6.7000         1.0000
   11. AlO2                  1       984.0000         3.5640         0.0000         9.3300         1.0000
   12. Al2O                  1      2231.0000         3.3440         0.0000        12.6000         1.0000
   13. Al2O2                 2       915.2000         4.0890         5.9000        11.1000         1.0000
   14. Al2O3                 1       352.0000         4.2640         0.0000         9.5000         1.0000
   15. AlH                   1      1101.8000         2.9750         0.1770         6.2640         1.0000
   16. AlH2                  2       526.8000         3.1840         0.4810         5.6450         1.0000
   17. AlH3                  2       119.8000         4.0010         0.0000         4.3900         1.0000
   18. AlOH                  2       668.7000         3.3740         0.8100         6.7100         1.0000
   19. Al2O3L                1       352.0000         4.2640         0.0000         9.5000         1.0000
   20. N2                    1        97.5300         3.6210         0.0000         1.7600         4.0000
   21. Ar                    0       136.5000         3.3300         0.0000         0.0000         0.0000
------------------------------------------------------------------------------------------------------------------


---------------------------------------------------------------------------------------
                                  CHEMICAL REACTIONS                                   

                          Units: [mol, cm3, s] and [cal/mol]                           
---------------------------------------------------------------------------------------


      1. O + Al +M  = AlO +M 
         k:       3.000000e+17	   -1.00          0.00
         Third body efficiencies
         O2                  	enhanced by	   1.100
         H2                  	enhanced by	   2.800
         H2O                 	enhanced by	   1.900


      2. O2 + Al  = O + AlO 
         k:       9.720000e+13	    0.00        159.97


      3. O2 + AlO  = O + AlO2 
         k:       4.620000e+14	    0.00      19885.90


      4. AlO2  = O + AlO 
         k:       1.000000e+15	    0.00      88557.88


      5. Al2O3  = O + Al2O2 
         k:       3.000000e+15	    0.00      97649.99


      6. Al2O3  = AlO + AlO2 
         k:       3.000000e+15	    0.00     126999.89


      7. Al2O2  = 2AlO 
         k:       1.000000e+15	    0.00     117939.78


      8. Al2O2  = Al + AlO2 
         k:       1.000000e+15	    0.00     148899.82


      9. Al2O2  = O + Al2O 
         k:       1.000000e+15	    0.00     104249.94


     10. Al2O  = Al + AlO 
         k:       1.000000e+15	    0.00     133199.94


     11. Al2O3  => Al2O3L 
         k:       1.000000e+14	    0.00          0.00


     12. H2O + Al  = H2 + AlO 
         k:       9.600000e+13	    0.00       5700.50


     13. H2O + Al  = H + AlOH 
         k:       1.140000e+12	    0.00        879.80


     14. AlOH  = H + AlO 
         k:       1.000000e+15	    0.00     114700.00


     15. AlOH  = OH + Al 
         k:       1.000000e+15	    0.00     132000.00


     16. H + Al +M  = AlH +M 
         k:       1.600000e+17	   -0.34          0.00


     17. H + AlH  = H2 + Al 
         k:       1.000000e+13	    0.00          0.00


     18. H + AlH2  = H2 + AlH 
         k:       2.000000e+13	    0.00          0.00


     19. H + AlH3  = H2 + AlH2 
         k:       4.750000e+09	    1.50          0.00


     20. 2O +M  = O2 +M 
         k:       6.160000e+15	   -0.50          0.00
         Third body efficiencies
         Ar                  	enhanced by	   0.000
         H2                  	enhanced by	   2.500
         H2O                 	enhanced by	  12.000


     21. 2O + Ar  = O2 + Ar 
         k:       1.890000e+13	    0.00      -1788.00


     22. H + O +M  = OH +M 
         k:       6.200000e+16	   -0.60          0.00


     23. H + O2  = O + OH 
         k:       1.590000e+17	   -0.93      16876.52


     24. H2 + O  = H + OH 
         k:       3.870000e+04	    2.70       6263.19


     25. H2 +M  = 2H +M 
         k:       2.230000e+14	    0.00      96080.00


     26. H2 + OH  = H + H2O 
         k:       2.160000e+08	    1.51       3442.39


     27. 2OH  = O + H2O 
         k:       2.100000e+08	    1.40       -396.84


     28. H + O2 +M  = HO2 +M 
         k:       7.000000e+17	   -0.80          0.00


     29. H + HO2  = H2 + O2 
         k:       2.500000e+13	    0.00        693.13


     30. H + HO2  = 2OH 
         k:       1.500000e+14	    0.00       1003.92


     31. H + HO2  = O + H2O 
         k:       5.000000e+12	    0.00       1410.10


     32. O + HO2  = O2 + OH 
         k:       2.000000e+13	    0.00          0.00


     33. OH + HO2  = O2 + H2O 
         k:       6.020000e+13	    0.00          0.00


     34. 2HO2  = O2 + H2O2 
         k:       4.200000e+14	    0.00      11984.09


     35. H2O2 +M  = 2OH +M 
         k:       1.000000e+17	    0.00      45419.78


     36. H + H2O2  = H2 + HO2 
         k:       1.700000e+12	    0.00       3753.19


     37. OH + H2O2  = HO2 + H2O 
         k:       7.000000e+12	    0.00       1434.15


     38. O + H2O2  = OH + HO2 
         k:       2.800000e+13	    0.00       6406.47


