------------------------------
  Elements     Atomic Weight  
------------------------------
  1.	H          1.00800002
  2.	O         15.99899960
  3.	N         14.00699997
  4.	AL        26.98150000
  5.	AR        39.94800186
------------------------------


----------------------------------------------------------------------------------------------------------------------
                                                Molecular        Temperature        Elements
  Species                  Phase  Charge         weight         Low      High       H       O       N      AL      AR
----------------------------------------------------------------------------------------------------------------------
    1. H                     G      0            1.008000    200.00   6000.00       1       0       0       0       0
    2. H2                    G      0            2.016000    200.00   6000.00       2       0       0       0       0
    3. O                     G      0           15.999000    200.00   6000.00       0       1       0       0       0
    4. O2                    G      0           31.997999    200.00   6000.00       0       2       0       0       0
    5. OH                    G      0           17.007000    200.00   6000.00       1       1       0       0       0
    6. HO2                   G      0           33.005999    200.00   5000.00       1       2       0       0       0
    7. H2O                   G      0           18.015000    200.00   6000.00       2       1       0       0       0
    8. H2O2                  G      0           34.013999    200.00   6000.00       2       2       0       0       0
    9. AL                    G      0           26.981500    200.00   6000.00       0       0       0       1       0
   10. ALO                   G      0           42.980500    200.00   6000.00       0       1       0       1       0
   11. ALO2                  G      0           58.979499    200.00   6000.00       0       2       0       1       0
   12. AL2O                  G      0           69.962000    200.00   6000.00       0       1       0       2       0
   13. AL2O2                 G      0           85.960999    200.00   6000.00       0       2       0       2       0
   14. AL2O3                 G      0          101.959999    200.00   5000.00       0       3       0       2       0
   15. ALH                   G      0           27.989500    200.00   6000.00       1       0       0       1       0
   16. ALH2                  G      0           28.997500    200.00   6000.00       2       0       0       1       0
   17. ALH3                  G      0           30.005500    200.00   6000.00       3       0       0       1       0
   18. ALOH                  G      0           43.988500    200.00   6000.00       1       1       0       1       0
   19. AL2O3L                L      0          101.959999    300.00   6000.00       0       3       0       2       0
   20. N2                    G      0           28.014000    200.00   6000.00       0       0       2       0       0
   21. AR                    G      0           39.948002    200.00   6000.00       0       0       0       0       1
   22. AL(L)                 L      0           26.981500    300.00   6000.00       0       0       0       1       0
----------------------------------------------------------------------------------------------------------------------

----------------------------------------------------------------------------------------------------------------------
                                                Molecular        Temperature        Elements
  Species                  Phase  Charge         weight         Low      High       H       O       N      AL      AR
----------------------------------------------------------------------------------------------------------------------
   12. AL2O                  G      0           69.962000    200.00   6000.00       0       1       0       2       0
   19. AL2O3L                L      0          101.959999    300.00   6000.00       0       3       0       2       0
   14. AL2O3                 G      0          101.959999    200.00   5000.00       0       3       0       2       0
    4. O2                    G      0           31.997999    200.00   6000.00       0       2       0       0       0
   13. AL2O2                 G      0           85.960999    200.00   6000.00       0       2       0       2       0
   11. ALO2                  G      0           58.979499    200.00   6000.00       0       2       0       1       0
    3. O                     G      0           15.999000    200.00   6000.00       0       1       0       0       0
   21. AR                    G      0           39.948002    200.00   6000.00       0       0       0       0       1
   10. ALO                   G      0           42.980500    200.00   6000.00       0       1       0       1       0
   22. AL(L)                 L      0           26.981500    300.00   6000.00       0       0       0       1       0
    9. AL                    G      0           26.981500    200.00   6000.00       0       0       0       1       0
   20. N2                    G      0           28.014000    200.00   6000.00       0       0       2       0       0
   18. ALOH                  G      0           43.988500    200.00   6000.00       1       1       0       1       0
    5. OH                    G      0           17.007000    200.00   6000.00       1       1       0       0       0
   15. ALH                   G      0           27.989500    200.00   6000.00       1       0       0       1       0
    6. HO2                   G      0           33.005999    200.00   5000.00       1       2       0       0       0
    1. H                     G      0            1.008000    200.00   6000.00       1       0       0       0       0
    7. H2O                   G      0           18.015000    200.00   6000.00       2       1       0       0       0
   16. ALH2                  G      0           28.997500    200.00   6000.00       2       0       0       1       0
    8. H2O2                  G      0           34.013999    200.00   6000.00       2       2       0       0       0
    2. H2                    G      0            2.016000    200.00   6000.00       2       0       0       0       0
   17. ALH3                  G      0           30.005500    200.00   6000.00       3       0       0       1       0
----------------------------------------------------------------------------------------------------------------------

---------------------------------------------------------------------------------------
                                LIQUID MECHANISM                                       
---------------------------------------------------------------------------------------

       Number of materials:       1
       Number of liquid species:   1

       Materials: 
       LIQUIDMIX

       ------------------------------------------------------------------------------------------------------------------
       LIQUIDMIX               global-index    liquid-index    local-index     
       ------------------------------------------------------------------------------------------------------------------
       Al(L)                   22              1               1               

--------------------------------------------------------------------------------------------------------
                                  CHEMICAL REACTIONS                                                  

                         Units: [kmol, m3, s] and [cal/mol]                                           
--------------------------------------------------------------------------------------------------------


