------------------------------
  Elements     Atomic Weight  
------------------------------
  1.	H          1.00800002
  2.	O         15.99899960
  3.	N         14.00699997
  4.	AL        26.98150000
  5.	AR        39.94800186
------------------------------


----------------------------------------------------------------------------------------------------------------------
                                                Molecular        Temperature        Elements
  Species                  Phase  Charge         weight         Low      High       H       O       N      AL      AR
----------------------------------------------------------------------------------------------------------------------
    1. H                     G      0            1.008000    200.00   6000.00       1       0       0       0       0
    2. H2                    G      0            2.016000    200.00   6000.00       2       0       0       0       0
    3. O                     G      0           15.999000    200.00   6000.00       0       1       0       0       0
    4. O2                    G      0           31.997999    200.00   6000.00       0       2       0       0       0
    5. OH                    G      0           17.007000    200.00   6000.00       1       1       0       0       0
    6. HO2                   G      0           33.005999    200.00   5000.00       1       2       0       0       0
    7. H2O                   G      0           18.015000    200.00   6000.00       2       1       0       0       0
    8. H2O2                  G      0           34.013999    200.00   6000.00       2       2       0       0       0
    9. AL                    G      0           26.981500    200.00   6000.00       0       0       0       1       0
   10. ALO                   G      0           42.980500    200.00   6000.00       0       1       0       1       0
   11. ALO2                  G      0           58.979499    200.00   6000.00       0       2       0       1       0
   12. AL2O                  G      0           69.962000    200.00   6000.00       0       1       0       2       0
   13. AL2O2                 G      0           85.960999    200.00   6000.00       0       2       0       2       0
   14. AL2O3                 G      0          101.959999    200.00   5000.00       0       3       0       2       0
   15. ALH                   G      0           27.989500    200.00   6000.00       1       0       0       1       0
   16. ALH2                  G      0           28.997500    200.00   6000.00       2       0       0       1       0
   17. ALH3                  G      0           30.005500    200.00   6000.00       3       0       0       1       0
   18. ALOH                  G      0           43.988500    200.00   6000.00       1       1       0       1       0
   19. AL2O3L                L      0          101.959999    300.00   6000.00       0       3       0       2       0
   20. N2                    G      0           28.014000    200.00   6000.00       0       0       2       0       0
   21. AR                    G      0           39.948002    200.00   6000.00       0       0       0       0       1
   22. O(S)                  L      0           15.999000    298.15   5000.00       0       1       0       0       0
   23. AL(S)                 L      0           26.981500    933.61   5000.00       0       0       0       1       0
   24. ALO(S)                L      0           42.980500    298.15   5000.00       0       1       0       1       0
   25. ALO2(S)               L      0           58.979499    298.15   5000.00       0       2       0       1       0
   26. AL2O(S)               L      0           69.962000    298.15   5000.00       0       1       0       2       0
   27. AL2O2(S)              L      0           85.960999    298.15   5000.00       0       2       0       2       0
   28. OH(S)                 L      0           17.007000    298.15   5000.00       1       1       0       0       0
   29. H(S)                  L      0            1.008000    298.15   5000.00       1       0       0       0       0
   30. H2O(S)                L      0           18.015000    298.15   5000.00       2       1       0       0       0
   31. ALH(S)                L      0           27.989500    298.15   5000.00       1       0       0       1       0
   32. AL(D)                 L      0           26.981500    933.61   6000.00       0       0       0       1       0
   33. AL2O3(D)              L      0          101.959999    300.00   2327.00       0       3       0       2       0
   34. H(D)                  L      0            1.008000    298.15   5000.00       1       0       0       0       0
----------------------------------------------------------------------------------------------------------------------

----------------------------------------------------------------------------------------------------------------------
                                                Molecular        Temperature        Elements
  Species                  Phase  Charge         weight         Low      High       H       O       N      AL      AR
----------------------------------------------------------------------------------------------------------------------
   22. O(S)                  L      0           15.999000    298.15   5000.00       0       1       0       0       0
   19. AL2O3L                L      0          101.959999    300.00   6000.00       0       3       0       2       0
   14. AL2O3                 G      0          101.959999    200.00   5000.00       0       3       0       2       0
   33. AL2O3(D)              L      0          101.959999    300.00   2327.00       0       3       0       2       0
   27. AL2O2(S)              L      0           85.960999    298.15   5000.00       0       2       0       2       0
   13. AL2O2                 G      0           85.960999    200.00   6000.00       0       2       0       2       0
    4. O2                    G      0           31.997999    200.00   6000.00       0       2       0       0       0
   11. ALO2                  G      0           58.979499    200.00   6000.00       0       2       0       1       0
   25. ALO2(S)               L      0           58.979499    298.15   5000.00       0       2       0       1       0
    3. O                     G      0           15.999000    200.00   6000.00       0       1       0       0       0
   10. ALO                   G      0           42.980500    200.00   6000.00       0       1       0       1       0
   26. AL2O(S)               L      0           69.962000    298.15   5000.00       0       1       0       2       0
   12. AL2O                  G      0           69.962000    200.00   6000.00       0       1       0       2       0
   24. ALO(S)                L      0           42.980500    298.15   5000.00       0       1       0       1       0
    9. AL                    G      0           26.981500    200.00   6000.00       0       0       0       1       0
   20. N2                    G      0           28.014000    200.00   6000.00       0       0       2       0       0
   21. AR                    G      0           39.948002    200.00   6000.00       0       0       0       0       1
   23. AL(S)                 L      0           26.981500    933.61   5000.00       0       0       0       1       0
   32. AL(D)                 L      0           26.981500    933.61   6000.00       0       0       0       1       0
   34. H(D)                  L      0            1.008000    298.15   5000.00       1       0       0       0       0
   28. OH(S)                 L      0           17.007000    298.15   5000.00       1       1       0       0       0
    5. OH                    G      0           17.007000    200.00   6000.00       1       1       0       0       0
   31. ALH(S)                L      0           27.989500    298.15   5000.00       1       0       0       1       0
   18. ALOH                  G      0           43.988500    200.00   6000.00       1       1       0       1       0
   15. ALH                   G      0           27.989500    200.00   6000.00       1       0       0       1       0
    6. HO2                   G      0           33.005999    200.00   5000.00       1       2       0       0       0
    1. H                     G      0            1.008000    200.00   6000.00       1       0       0       0       0
   29. H(S)                  L      0            1.008000    298.15   5000.00       1       0       0       0       0
    7. H2O                   G      0           18.015000    200.00   6000.00       2       1       0       0       0
   30. H2O(S)                L      0           18.015000    298.15   5000.00       2       1       0       0       0
   16. ALH2                  G      0           28.997500    200.00   6000.00       2       0       0       1       0
    8. H2O2                  G      0           34.013999    200.00   6000.00       2       2       0       0       0
    2. H2                    G      0            2.016000    200.00   6000.00       2       0       0       0       0
   17. ALH3                  G      0           30.005500    200.00   6000.00       3       0       0       1       0
----------------------------------------------------------------------------------------------------------------------

---------------------------------------------------------------------------------------
                                SURFACE MECHANISM                                    
---------------------------------------------------------------------------------------

       Number of materials:       1
       Number of site phases:     1
       Number of bulk phases:     3
       Number of surface species: 10
       Number of bulk species:    3

       Materials: 
       Al_chem_surf

       ------------------------------------------------------------------------------------------------------------------
       Site phases:        density[mol/cm2]     sites      global-index   local-index   internal-index
       ------------------------------------------------------------------------------------------------------------------
       1. Al_SITE          4.420000e-09     
             O(S)                             1.000000         22             1              1              
             Al(S)                            1.000000         23             2              2              
             AlO(S)                           1.000000         24             3              3              
             AlO2(S)                          1.000000         25             4              4              
             Al2O(S)                          3.000000         26             5              5              
             Al2O2(S)                         3.000000         27             6              6              
             OH(S)                            2.000000         28             7              7              
             H(S)                             1.000000         29             8              8              
             H2O(S)                           1.000000         30             9              9              
             AlH(S)                           1.000000         31             10             10             

       ------------------------------------------------------------------------------------------------------------------
       Bulk phases:        density[g/cm3]     global-index   local-index   internal-index
       ------------------------------------------------------------------------------------------------------------------
       1. Al_BULK          
             Al(D)       2.375000         32             1              1              
       2. Al2O3_BULK       
             Al2O3(D)    2.930000         33             2              1              
       3. H_BULK           
             H(D)        0.000090         34             3              1              

--------------------------------------------------------------------------------------------------------
                                  CHEMICAL REACTIONS                                                  

                         Units: [kmol, m3, s] and [cal/mol]                                           
--------------------------------------------------------------------------------------------------------


      1. O + Al(S)  = O(S) + Al(D) 
         k:       1.000000e+00	    0.00          0.00
         Coefficients are sticking parameters...
         The Motz-Wise correction is turned off
         site species: Al(S)	1.000000e+00


      2. O2 + 2Al(S)  = 2O(S) + 2Al(D) 
         k:       5.000000e-03	    0.00          0.00
         Coefficients are sticking parameters...
         The Motz-Wise correction is turned off
         site species: Al(S)	2.000000e+00


      3. AlO + Al(S)  = AlO(S) + Al(D) 
         k:       1.000000e+00	    0.00          0.00
         Coefficients are sticking parameters...
         The Motz-Wise correction is turned off
         site species: Al(S)	1.000000e+00


      4. Al(S) + AlO(S)  = O(S) + Al(S) + Al(D) 
         k:       2.260000e+18	    0.00       2829.54


      5. O + Al(S)  = AlO(S) 
         k:       2.290000e+10	    0.00          0.00


      6. Al2O + 3Al(S)  = Al2O(S) + 3Al(D) 
         k:       1.000000e+00	    0.00          0.00
         Coefficients are sticking parameters...
         The Motz-Wise correction is turned off
         site species: Al(S)	3.000000e+00


      7. Al + 2Al(S) + AlO(S)  = Al2O(S) + 2Al(D) 
         k:       2.290000e+08	    0.00          0.00


      8. AlO + 3Al(S)  = Al2O(S) + 2Al(D) 
         k:       2.290000e+08	    0.00          0.00


      9. 2Al(S) + AlO(S)  = Al2O(S) + Al(D) 
         k:       2.260000e+17	    0.00          0.00


     10. O + 3Al(S)  = Al2O(S) + Al(D) 
         k:       2.290000e+08	    0.00          0.00


     11. AlO2 + Al(S)  = AlO2(S) + Al(D) 
         k:       7.500000e-01	    0.00          0.00
         Coefficients are sticking parameters...
         The Motz-Wise correction is turned off
         site species: Al(S)	1.000000e+00


     12. Al + 2O(S) + Al(D)  = Al(S) + AlO2(S) 
         k:       2.290000e+09	    0.00          0.00


     13. AlO + O(S)  = AlO2(S) 
         k:       2.290000e+10	    0.00          0.00


     14. Al2O2 + 3Al(S)  = Al2O2(S) + 3Al(D) 
         k:       7.500000e-01	    0.00          0.00
         Coefficients are sticking parameters...
         The Motz-Wise correction is turned off
         site species: Al(S)	3.000000e+00


     15. AlO2 + 3Al(S)  = Al2O2(S) + 2Al(D) 
         k:       2.290000e+08	    0.00          0.00


     16. AlO + 2Al(S) + AlO(S)  = Al2O2(S) + 2Al(D) 
         k:       2.290000e+08	    0.00          0.00


     17. Al2O + O(S) + 2Al(S)  = Al2O2(S) + 2Al(D) 
         k:       2.290000e+08	    0.00      11254.58


     18. O + Al2O(S)  = Al2O2(S) 
         k:       2.290000e+10	    0.00          0.00


     19. Al2O3  => Al2O3(D) 
         k:       1.000000e+00	    0.00          0.00
         Coefficients are sticking parameters...
         The Motz-Wise correction is turned off


     20. AlO2 + AlO(S) + Al(D)  => Al(S) + Al2O3(D) 
         k:       2.290000e+10	    0.00          0.00


     21. AlO + AlO2(S) + Al(D)  => Al(S) + Al2O3(D) 
         k:       2.290000e+10	    0.00          0.00


     22. O + Al2O2(S) + 3Al(D)  => 3Al(S) + Al2O3(D) 
         k:       2.290000e+10	    0.00          0.00


     23. O(S) + 2AlO(S) + 3Al(D)  => 3Al(S) + Al2O3(D) 
         k:       2.260000e+17	    0.00          0.00


     24. 3O(S) + 2Al(S) + 5Al(D)  => 5Al(S) + Al2O3(D) 
         k:       1.000000e+44	    0.00          0.00


     25. H + Al(S)  = H(S) + Al(D) 
         k:       1.000000e+00	    0.00          0.00
         Coefficients are sticking parameters...
         The Motz-Wise correction is turned off
         site species: Al(S)	1.000000e+00


     26. H2 + 2Al(S)  = 2H(S) + 2Al(D) 
         k:       5.000000e-03	    0.00      10899.21
         Coefficients are sticking parameters...
         The Motz-Wise correction is turned off
         site species: Al(S)	2.000000e+00


     27. AlH + Al(S)  = AlH(S) + Al(D) 
         k:       1.000000e+00	    0.00          0.00
         Coefficients are sticking parameters...
         The Motz-Wise correction is turned off
         site species: Al(S)	1.000000e+00


     28. Al(S) + AlH(S)  = Al(S) + H(S) + Al(D) 
         k:       2.260000e+18	    0.00       7065.00


     29. 2Al(S) + H2O(S)  = OH(S) + H(S) + 2Al(D) 
         k:       2.260000e+17	    0.00       8645.86


     30. OH + 2Al(S)  = OH(S) + 2Al(D) 
         k:       1.000000e+00	    0.00          0.00
         Coefficients are sticking parameters...
         The Motz-Wise correction is turned off
         site species: Al(S)	2.000000e+00


     31. H2O + Al(S)  = H2O(S) + Al(D) 
         k:       1.000000e-02	    0.00          0.00
         Coefficients are sticking parameters...
         The Motz-Wise correction is turned off
         site species: Al(S)	1.000000e+00


     32. OH(S)  = O(S) + H(S) 
         k:       2.260000e+19	    0.00      10756.54


     33. 2OH(S) + 2Al(D)  = O(S) + 2Al(S) + H2O(S) 
         k:       2.260000e+18	    0.00      13334.19


     34. H + O(S) + Al(S)  = OH(S) + Al(D) 
         k:       2.290000e+09	    0.00       3586.87


     35. H + Al(S)  = AlH(S) 
         k:       2.290000e+10	    0.00          0.00


     36. H + OH(S) + Al(D)  = Al(S) + H2O(S) 
         k:       2.290000e+10	    0.00       3186.57


     37. H(S) + Al(D)  = Al(S) + H(D) 
         k:       1.000000e+15	    0.00          0.00


