 ----------------------------------------------------------------------------------------------------------------------------------------------------------------------------------------------------------------------------------------------------------
                     SPECIFIC HEAT COEFFICIENTS                                                                     

             Cp = A + B*T + C*T^2 + D*T^3 + E*T^4  [J/kg/K]                                                         

    Species                      Cp(298K)         Cp(1000K)          LT-HT            A(LT)            B(LT)            C(LT)            D(LT)            E(LT)             A(HT)           B(HT)            C(HT)            D(HT)           E(HT)      
 ----------------------------------------------------------------------------------------------------------------------------------------------------------------------------------------------------------------------------------------------------------

    1. H                        2.062119e+04     2.062119e+04     1.000000e+03     2.062119e+04     0.000000e+00     0.000000e+00     0.000000e+00     0.000000e+00     2.062119e+04     0.000000e+00     0.000000e+00     0.000000e+00     0.000000e+00
    2. H2                       1.430307e+04     1.496188e+04     1.000000e+03     9.668577e+03     3.291356e+01    -8.033251e-02     8.313311e-05    -3.042086e-08     1.209583e+04     3.409127e+00    -6.037981e-04     6.355466e-08    -2.840794e-12
    3. O                        1.369608e+03     1.307846e+03     1.000000e+03     1.646505e+03    -1.704217e+00     3.452310e-03    -3.184673e-06     1.097920e-09     1.321893e+03    -1.419588e-02    -2.177639e-06     2.574952e-09    -2.492175e-13
    4. O2                       9.181008e+02     1.090161e+03     1.000000e+03     9.828455e+02    -7.786810e-01     2.558754e-03    -2.515619e-06     8.428607e-10     9.512757e+02     1.705522e-01    -3.667677e-05     5.347519e-09    -3.375712e-13
    5. OH                       1.757314e+03     1.804762e+03     1.000000e+03     1.951620e+03    -1.173845e+00     2.257005e-03    -1.896464e-06     6.664452e-10     1.387714e+03     5.413972e-01    -1.437322e-04     2.056732e-08    -1.184518e-12
    6. HO2                      1.057090e+03     1.442632e+03     1.000000e+03     1.083656e+03    -1.196340e+00     5.329934e-03    -6.115408e-06     2.340789e-09     1.051031e+03     4.738826e-01    -8.722988e-05     4.903572e-09     4.440045e-14
    7. H2O                      1.864380e+03     2.292242e+03     1.000000e+03     1.937796e+03    -9.398604e-01     3.009333e-03    -2.532843e-06     8.178163e-10     1.235534e+03     1.372212e+00    -3.571175e-04     4.358390e-08    -1.970271e-12
    8. H2O2                     1.246841e+03     1.838549e+03     1.000000e+03     1.054806e+03    -2.071382e-01     4.312069e-03    -5.543047e-06     2.221859e-09     1.119491e+03     9.907884e-01    -3.173955e-04     4.845126e-08    -2.785880e-12
    9. Al                       7.928109e+02     7.727683e+02     1.000000e+03     9.588121e+02    -1.101230e+00     2.473530e-03    -2.433300e-06     8.749566e-10     7.800994e+02    -1.281930e-02     7.425146e-06    -2.204600e-09     2.676353e-13
   10. AlO                      7.185098e+02     8.648698e+02     1.000000e+03     6.478805e+02    -1.413734e-02     1.373780e-03    -2.053234e-06     9.105805e-10     5.567659e+02     3.809370e-01    -7.472938e-05     1.415632e-09     4.806291e-13
   11. AlO2                     8.758244e+02     1.029513e+03     1.000000e+03     6.122340e+02     1.219516e+00    -1.256756e-03     4.411399e-07     1.337846e-11     9.625410e+02     1.033474e-01    -4.423131e-05     8.407099e-09    -5.515659e-13
   12. Al2O                     7.428667e+02     8.668985e+02     1.000000e+03     4.841706e+02     1.342700e+00    -1.982953e-03     1.431749e-06    -4.087678e-10     8.123574e+02     8.141149e-02    -3.200676e-05     5.477603e-09    -3.412310e-13
   13. Al2O2                    7.923709e+02     9.747570e+02     1.000000e+03     4.679157e+02     1.615384e+00    -2.160915e-03     1.435588e-06    -3.832157e-10     8.849113e+02     1.338905e-01    -5.244112e-05     8.953116e-09    -5.568250e-13
   14. Al2O3                    7.642090e+02     1.018916e+03     1.000000e+03     1.207641e+02     3.469847e+00    -5.543347e-03     4.213018e-06    -1.241367e-09     9.039442e+02     1.822595e-01    -8.251812e-05     1.642679e-08    -1.196890e-12
   15. AlH                      1.049339e+03     1.252562e+03     1.000000e+03     1.117883e+03    -8.037249e-01     2.569246e-03    -2.386383e-06     7.555407e-10     1.106472e+03     1.878546e-01    -5.923058e-05     1.961044e-08    -2.144661e-12
   16. AlH2                     1.233559e+03     1.709698e+03     1.000000e+03     1.118549e+03    -1.082406e-01     2.277183e-03    -2.288514e-06     7.107203e-10     1.205189e+03     7.138732e-01    -2.482545e-04     4.151907e-08    -2.629437e-12
   17. AlH3                     1.334710e+03     2.275912e+03     1.000000e+03     9.866401e+02     1.719307e-01     4.962655e-03    -6.111970e-06     2.266656e-09     1.324397e+03     1.396723e+00    -5.278989e-04     8.808434e-08    -5.393385e-12
   18. AlOH                     9.889990e+02     1.220518e+03     1.000000e+03     3.565528e+02     3.619643e+00    -6.519038e-03     5.546008e-06    -1.782648e-09     1.005623e+03     2.906091e-01    -8.736646e-05     1.231709e-08    -6.645781e-13
   19. Al2O3L                   1.597676e+03     1.597676e+03     2.327000e+03     1.597676e+03     0.000000e+00     0.000000e+00     0.000000e+00     0.000000e+00     1.597676e+03     0.000000e+00     0.000000e+00     0.000000e+00     0.000000e+00
   20. N2                       1.039626e+03     1.166660e+03     1.000000e+03     1.047991e+03    -3.670217e-02    -1.492886e-04     7.227908e-07    -4.181308e-10     8.763149e+02     4.145954e-01    -1.462114e-04     2.332852e-08    -1.367506e-12
   21. Ar                       5.203303e+02     5.203303e+02     1.000000e+03     5.203303e+02     0.000000e+00     0.000000e+00     0.000000e+00     0.000000e+00     5.203303e+02     0.000000e+00     0.000000e+00     0.000000e+00     0.000000e+00

 ----------------------------------------------------------------------------------------------------------------------------------------------------------------------------------------------------------------------------------------------------------


 -------------------------------------------------------------------------------------------------------------------------------------------------------------------------------------------------------------------------------------------------------------------------------------------
                           ENTHALPY COEFFICIENTS                                                                     

             H/(RT) = A + B*T + C*T^2 + D*T^3 + E*T^4 + F/T  [-]                                                         

    Species                   H(298K)[J/kmol]  H(1000K)[J/kmol]      LT-HT            A(LT)            B(LT)            C(LT)            D(LT)            E(LT)           F(LT)             A(HT)            B(HT)            C(HT)           D(HT)             E(HT)            F(HT)      
 -------------------------------------------------------------------------------------------------------------------------------------------------------------------------------------------------------------------------------------------------------------------------------------------

    1. H                        2.179941e+08     2.325859e+08     1.000000e+03     2.500000e+00     0.000000e+00     0.000000e+00     0.000000e+00     0.000000e+00     2.547366e+04     2.500000e+00     0.000000e+00     0.000000e+00     0.000000e+00     0.000000e+00     2.547366e+04
    2. H2                      -4.325324e+03     2.068653e+07     1.000000e+03     2.344331e+00     3.990260e-03    -6.492717e-06     5.039302e-09    -1.475224e-12    -9.179352e+02     2.932866e+00     4.133040e-04    -4.880079e-08     3.852510e-12    -1.377610e-16    -8.130656e+02
    3. O                        2.491703e+08     2.640319e+08     1.000000e+03     3.168267e+00    -1.639659e-03     2.214355e-06    -1.532017e-09     4.225319e-13     2.912226e+04     2.543637e+00    -1.365812e-05    -1.396765e-09     1.238705e-12    -9.591074e-17     2.922601e+04
    4. O2                      -4.406652e+03     2.270681e+07     1.000000e+03     3.782456e+00    -1.498367e-03     3.282434e-06    -2.420324e-09     6.487457e-13    -1.063944e+03     3.660961e+00     3.281829e-04    -4.704988e-08     5.144948e-12    -2.598269e-16    -1.215977e+03
    5. OH                       3.729547e+07     5.821851e+07     1.000000e+03     3.991984e+00    -1.200533e-03     1.538880e-06    -9.697908e-10     2.726390e-13     3.368898e+03     2.838530e+00     5.537064e-04    -9.800007e-08     1.051747e-11    -4.845798e-16     3.697808e+03
    6. HO2                      1.229070e+07     4.184978e+07     1.000000e+03     4.301798e+00    -2.374560e-03     7.052764e-06    -6.069098e-09     1.858450e-12     2.640185e+02     4.172287e+00     9.405881e-04    -1.154258e-07     4.866439e-12     3.525138e-17     3.102068e+01
    7. H2O                     -2.418296e+08    -2.158221e+08     1.000000e+03     4.198635e+00    -1.018201e-03     2.173447e-06    -1.371982e-09     3.543936e-13    -3.029373e+04     2.677039e+00     1.486591e-03    -2.579230e-07     2.360838e-11    -8.537998e-16    -2.988589e+04
    8. H2O2                    -1.358856e+08    -9.799688e+07     1.000000e+03     4.315151e+00    -4.236953e-04     5.880144e-06    -5.669074e-09     1.817900e-12    -1.770674e+04     4.579773e+00     2.026630e-03    -4.328158e-07     4.955285e-11    -2.279376e-15    -1.800718e+04
    9. Al                       3.299949e+08     3.447028e+08     1.000000e+03     3.111469e+00    -1.786817e-03     2.675641e-06    -1.974093e-09     5.678694e-13     3.886415e+04     2.531523e+00    -2.080014e-05     8.031851e-09    -1.788552e-12     1.737022e-16     3.894108e+04
   10. AlO                      6.731399e+07     9.166704e+07     1.000000e+03     3.349132e+00    -3.654055e-05     2.367191e-06    -2.653480e-09     9.414248e-13     7.057285e+03     2.878127e+00     9.846014e-04    -1.287678e-07     1.829480e-12     4.969096e-16     7.288725e+03
   11. AlO2                    -3.866540e+07     2.009783e+06     1.000000e+03     4.342945e+00     4.325381e-03    -2.971642e-06     7.823178e-10     1.898030e-14    -6.256261e+03     6.827884e+00     3.665528e-04    -1.045865e-07     1.490916e-11    -7.825180e-16    -6.862256e+03
   12. Al2O                    -1.486182e+08    -1.079227e+08     1.000000e+03     4.074051e+00     5.649073e-03    -5.561850e-06     3.011860e-09    -6.879149e-13    -1.946534e+04     6.835577e+00     3.425183e-04    -8.977357e-08     1.152282e-11    -5.742574e-16    -2.007939e+04
   13. Al2O2                   -4.031035e+08    -3.478475e+08     1.000000e+03     4.837656e+00     8.350509e-03    -7.447040e-06     3.710540e-09    -7.923928e-13    -5.049571e+04     9.148861e+00     6.921289e-04    -1.807249e-07     2.314097e-11    -1.151373e-15    -5.151869e+04
   14. Al2O3                   -5.458481e+08    -4.781460e+08     1.000000e+03     1.480926e+00     2.127531e-02    -2.265930e-05     1.291603e-08    -3.044569e-12    -6.747615e+04     1.108504e+01     1.117521e-03    -3.373057e-07     5.036029e-11    -2.935484e-15    -6.942043e+04
   15. AlH                      2.492442e+08     2.719491e+08     1.000000e+03     3.763201e+00    -1.352815e-03     2.883005e-06    -2.008358e-09     5.086849e-13     2.891424e+04     3.724786e+00     3.161934e-04    -6.646388e-08     1.650397e-11    -1.443942e-15     2.871838e+04
   16. AlH2                     2.767668e+08     3.071873e+08     1.000000e+03     3.901049e+00    -1.887499e-04     2.647300e-06    -1.995354e-09     4.957413e-13     3.208616e+04     4.203215e+00     1.244851e-03    -2.886039e-07     3.620046e-11    -1.834084e-15     3.175231e+04
   17. AlH3                     1.288893e+08     1.684281e+08     1.000000e+03     3.560619e+00     3.102346e-04     5.969797e-06    -5.514269e-09     1.635997e-12     1.429487e+04     4.779528e+00     2.520269e-03    -6.350329e-07     7.947041e-11    -3.892765e-15     1.351690e+04
   18. AlOH                    -1.927676e+08    -1.574109e+08     1.000000e+03     1.886379e+00     9.575044e-03    -1.149654e-05     7.335428e-09    -1.886255e-12    -2.434623e+04     5.320351e+00     7.687485e-04    -1.540737e-07     1.629120e-11    -7.032035e-16    -2.488279e+04
   19. Al2O3L                  -1.637374e+09    -1.523019e+09     2.327000e+03     1.959226e+01     0.000000e+00     0.000000e+00     0.000000e+00     0.000000e+00    -2.027693e+05     1.959226e+01     0.000000e+00     0.000000e+00     0.000000e+00     0.000000e+00    -2.027693e+05
   20. N2                      -4.368616e+03     2.146458e+07     1.000000e+03     3.531005e+00    -6.183049e-05    -1.676665e-07     6.088265e-10    -2.817625e-13    -1.046976e+03     2.952576e+00     6.984502e-04    -1.642105e-07     1.965025e-11    -9.215104e-16    -9.239487e+02
   21. Ar                      -3.117923e+03     1.458876e+07     1.000000e+03     2.500000e+00     0.000000e+00     0.000000e+00     0.000000e+00     0.000000e+00    -7.453750e+02     2.500000e+00     0.000000e+00     0.000000e+00     0.000000e+00     0.000000e+00    -7.453750e+02

 -------------------------------------------------------------------------------------------------------------------------------------------------------------------------------------------------------------------------------------------------------------------------------------------


 -------------------------------------------------------------------------------------------------------------------------------------------------------------------------------------------------------------------------------------------------------------------------------------------
                             ENTROPY COEFFICIENTS                                                                     

             S/R = A*lnT + B*T + C*T^2 + D*T^3 + E*T^4 + F  [-]                                                         

    Species                 S(298K)[J/kmol/K] S(1000K)[J/kmol/K]     LT-HT            A(LT)            B(LT)            C(LT)            D(LT)            E(LT)           F(LT)             A(HT)            B(HT)            C(HT)           D(HT)             E(HT)            F(HT)      
 -------------------------------------------------------------------------------------------------------------------------------------------------------------------------------------------------------------------------------------------------------------------------------------------

    1. H                        1.147067e+05     1.398717e+05     1.000000e+03     2.500000e+00     0.000000e+00     0.000000e+00     0.000000e+00     0.000000e+00    -4.466829e-01     2.500000e+00     0.000000e+00     0.000000e+00     0.000000e+00     0.000000e+00    -4.466829e-01
    2. H2                       1.306658e+05     1.662357e+05     1.000000e+03     2.344331e+00     7.980521e-03    -9.739075e-06     6.719070e-09    -1.844029e-12     6.830102e-01     2.932866e+00     8.266080e-04    -7.320118e-08     5.136680e-12    -1.722012e-16    -1.024329e+00
    3. O                        1.610485e+05     1.867864e+05     1.000000e+03     3.168267e+00    -3.279319e-03     3.321532e-06    -2.042689e-09     5.281649e-13     2.051933e+00     2.543637e+00    -2.731625e-05    -2.095148e-09     1.651606e-12    -1.198884e-16     4.922295e+00
    4. O2                       2.051335e+05     2.435864e+05     1.000000e+03     3.782456e+00    -2.996734e-03     4.923651e-06    -3.227098e-09     8.109321e-13     3.657676e+00     3.660961e+00     6.563658e-04    -7.057481e-08     6.859931e-12    -3.247836e-16     3.415363e+00
    5. OH                       1.837217e+05     2.197234e+05     1.000000e+03     3.991984e+00    -2.401067e-03     2.308320e-06    -1.293054e-09     3.407988e-13    -1.039985e-01     2.838530e+00     1.107413e-03    -1.470001e-07     1.402329e-11    -6.057247e-16     5.844947e+00
    6. HO2                      2.290868e+05     2.784795e+05     1.000000e+03     4.301798e+00    -4.749121e-03     1.057915e-05    -8.092130e-09     2.323063e-12     3.716662e+00     4.172287e+00     1.881176e-03    -1.731386e-07     6.488585e-12     4.406423e-17     2.957677e+00
    7. H2O                      1.888111e+05     2.327350e+05     1.000000e+03     4.198635e+00    -2.036402e-03     3.260171e-06    -1.829309e-09     4.429920e-13    -8.490090e-01     2.677039e+00     2.973182e-03    -3.868844e-07     3.147784e-11    -1.067250e-15     6.882550e+00
    8. H2O2                     2.345193e+05     2.973932e+05     1.000000e+03     4.315151e+00    -8.473906e-04     8.820216e-06    -7.558765e-09     2.272375e-12     3.273733e+00     4.579773e+00     4.053260e-03    -6.492236e-07     6.607047e-11    -2.849220e-15     6.649707e-01
    9. Al                       1.645437e+05     1.899616e+05     1.000000e+03     3.111469e+00    -3.573635e-03     4.013462e-06    -2.632124e-09     7.098367e-13     2.836324e+00     2.531523e+00    -4.160028e-05     1.204778e-08    -2.384737e-12     2.171278e-16     5.391705e+00
   10. AlO                      2.183718e+05     2.596280e+05     1.000000e+03     3.349132e+00    -7.308111e-05     3.550787e-06    -3.537973e-09     1.176781e-12     6.974580e+00     2.878127e+00     1.969203e-03    -1.931518e-07     2.439306e-12     6.211370e-16     9.565568e+00
   11. AlO2                     2.692894e+05     3.383666e+05     1.000000e+03     4.342945e+00     8.650763e-03    -4.457463e-06     1.043090e-09     2.372538e-14     5.436034e+00     6.827884e+00     7.331056e-04    -1.568797e-07     1.987888e-11    -9.781475e-16    -7.064330e+00
   12. Al2O                     2.531071e+05     3.222678e+05     1.000000e+03     4.074051e+00     1.129815e-02    -8.342775e-06     4.015814e-09    -8.598936e-13     4.506075e+00     6.835577e+00     6.850366e-04    -1.346603e-07     1.536375e-11    -7.178217e-16    -9.023604e+00
   13. Al2O2                    2.880081e+05     3.814302e+05     1.000000e+03     4.837656e+00     1.670102e-02    -1.117056e-05     4.947387e-09    -9.904910e-13     2.970814e+00     9.148861e+00     1.384258e-03    -2.710874e-07     3.085462e-11    -1.439216e-15    -1.846517e+01
   14. Al2O3                    3.157793e+05     4.295443e+05     1.000000e+03     1.480926e+00     4.255063e-02    -3.398895e-05     1.722137e-08    -3.805712e-12     1.945509e+01     1.108504e+01     2.235043e-03    -5.059586e-07     6.714706e-11    -3.669355e-15    -2.670301e+01
   15. AlH                      1.878474e+05     2.262684e+05     1.000000e+03     3.763201e+00    -2.705630e-03     4.324507e-06    -2.677811e-09     6.358561e-13     1.641635e+00     3.724786e+00     6.323868e-04    -9.969582e-08     2.200529e-11    -1.804927e-15     9.310308e-01
   16. AlH2                     2.132973e+05     2.640228e+05     1.000000e+03     3.901049e+00    -3.774998e-04     3.970950e-06    -2.660473e-09     6.196766e-13     3.254503e+00     4.203215e+00     2.489703e-03    -4.329059e-07     4.826728e-11    -2.292605e-15     6.170968e-01
   17. AlH3                     2.065574e+05     2.712177e+05     1.000000e+03     3.560619e+00     6.204692e-04     8.954695e-06    -7.352358e-09     2.044996e-12     3.756305e+00     4.779528e+00     5.040538e-03    -9.525493e-07     1.059605e-10    -4.865956e-15    -4.584905e+00
   18. AlOH                     2.226195e+05     2.824524e+05     1.000000e+03     1.886379e+00     1.915009e-02    -1.724481e-05     9.780571e-09    -2.357819e-12     1.161255e+01     5.320351e+00     1.537497e-03    -2.311105e-07     2.172160e-11    -8.790044e-16    -4.107694e+00
   19. Al2O3L                   6.291598e+03     2.035073e+05     2.327000e+03     1.959226e+01     0.000000e+00     0.000000e+00     0.000000e+00     0.000000e+00    -1.108622e+02     1.959226e+01     0.000000e+00     0.000000e+00     0.000000e+00     0.000000e+00    -1.108622e+02
   20. N2                       1.915940e+05     2.281754e+05     1.000000e+03     3.531005e+00    -1.236610e-04    -2.514997e-07     8.117687e-10    -3.522031e-13     2.967470e+00     2.952576e+00     1.396900e-03    -2.463158e-07     2.620034e-11    -1.151888e-15     5.871888e+00
   21. Ar                       1.548353e+05     1.800003e+05     1.000000e+03     2.500000e+00     0.000000e+00     0.000000e+00     0.000000e+00     0.000000e+00     4.379675e+00     2.500000e+00     0.000000e+00     0.000000e+00     0.000000e+00     0.000000e+00     4.379675e+00

 -------------------------------------------------------------------------------------------------------------------------------------------------------------------------------------------------------------------------------------------------------------------------------------------


