-----------------------------------------------------------------------------------------------------------------------------------------------------
Name                              MW       Cp@298K        H@298K        G@298K        S@298K      Cp@1000K       H@1000K       G@1000K       S@1000K 
                           [kg/kmol]   [cal/mol/K]    [kcal/mol]    [kcal/mol]   [cal/mol/K]   [cal/mol/K]    [kcal/mol]    [kcal/mol]   [cal/mol/K] 
-----------------------------------------------------------------------------------------------------------------------------------------------------
H                             1.0080        4.9675       52.0965       43.9275       27.4128        4.9675       55.5837       22.1569       33.4267
H2                            2.0160        6.8910       -0.0010       -9.3066       31.2267        7.2084        4.9437      -34.7835       39.7272
O                            15.9990        5.2366       59.5470       48.0777       38.4876        5.0005       63.0986       18.4602       44.6384
O2                           31.9980        7.0206       -0.0011      -14.6099       49.0230        8.3364        5.4265      -52.7861       58.2126
OH                           17.0070        7.1423        8.9129       -4.1711       43.9060        7.3352       13.9131      -38.5966       52.5098
HO2                          33.0060        8.3381        2.9372      -13.3775       54.7474       11.3792       10.0013      -56.5500       66.5514
H2O                          18.0150        8.0266      -57.7927      -71.2392       45.1223        9.8687      -51.5774     -107.1967       55.6193
H2O2                         34.0140       10.1352      -32.4741      -49.1757       56.0457       14.9450      -23.4194      -94.4908       71.0714
AL                           26.9815        5.1121       78.8626       67.1444       39.3229        4.9829       82.3775       36.9802       45.3972
ALO                          42.9805        7.3802       16.0868        0.5351       52.1868        8.8835       21.9067      -40.1395       62.0462
ALO2                         58.9795       12.3447       -9.2403      -28.4181       64.3551       14.5110        0.4803      -80.3829       80.8632
AL2O                         69.9620       12.4204      -35.5170      -53.5423       60.4878       14.4942      -25.7915     -102.8074       77.0159
AL2O2                        85.9610       16.2777      -96.3341     -116.8450       68.8285       20.0245      -83.1290     -174.2836       91.1546
AL2O3                       101.9600       18.6211     -130.4474     -152.9361       75.4653       24.8274     -114.2679     -216.9209      102.6530
ALH                          27.9895        7.0190       59.5647       46.1869       44.8920        8.3783       64.9907       10.9168       54.0739
ALH2                         28.9975        8.5484       66.1420       50.9518       50.9740       11.8480       73.4120       10.3155       63.0965
ALH3                         30.0055        9.5709       30.8021       16.0918       49.3633       16.3200       40.2511      -24.5648       64.8159
ALOH                         43.9885       10.3968      -46.0678      -61.9220       53.2019       12.8306      -37.6182     -105.1190       67.5008
AL2O3L                      101.9600       38.9298     -391.3016     -391.7496        1.5036       38.9298     -363.9728     -412.6072       48.6344
N2                           28.0140        6.9601       -0.0010      -13.6457       45.7873        7.8106        5.1296      -49.4000       54.5296
AR                           39.9480        4.9675       -0.0007      -11.0276       37.0027        4.9675        3.4864      -39.5302       43.0167
-----------------------------------------------------------------------------------------------------------------------------------------------------

 ====================================================================================================
   THERMO TABLE FOR MOLECULE H
 ====================================================================================================
   Elemental Composition:
     H 1.0000
   Formation Enthalpy at 298K =          52.0965 kcal/mol
   Formation Free Gibbs Energy at 298K = 43.9275 kcal/mol
   Molecular Weight =                    1.0080 kg/kmol
 -----------------------------------------------------------------------------------------------------
   Temperature       Cp             H             G            S             DH            DG         
       [K]       [cal/mol/K]    [kcal/mol]    [kcal/mol]  [cal/(mol-K)]  [kcal/mol]     [kcal/mol]    
 -----------------------------------------------------------------------------------------------------
     300.0000      4.9675        52.1064       43.8726       27.4460       0.0099        -0.0549       
     600.0000      4.9675        53.5967       35.0631       30.8892       1.5002        -8.8643       
     800.0000      4.9675        54.5902       28.7356       32.3182       2.4937        -15.1919      
     1000.0000     4.9675        55.5837       22.1569       33.4267       3.4872        -21.7705      
     1200.0000     4.9675        56.5772       15.3783       34.3324       4.4807        -28.5492      
     1400.0000     4.9675        57.5707       8.4333        35.0981       5.4742        -35.4942      
     1600.0000     4.9675        58.5642       1.3458        35.7615       6.4677        -42.5816      
     1800.0000     4.9675        59.5577       -5.8661       36.3465       7.4612        -49.7936      
     2000.0000     4.9675        60.5512       -13.1887      36.8699       8.4547        -57.1162      
     2200.0000     4.9675        61.5447       -20.6108      37.3434       9.4482        -64.5382      
     2400.0000     4.9675        62.5382       -28.1233      37.7756       10.4417       -72.0508      
     2600.0000     4.9675        63.5317       -35.7187      38.1732       11.4352       -79.6462      
 -----------------------------------------------------------------------------------------------------


 ====================================================================================================
   THERMO TABLE FOR MOLECULE H2
 ====================================================================================================
   Elemental Composition:
     H 2.0000
   Formation Enthalpy at 298K =          -0.0010 kcal/mol
   Formation Free Gibbs Energy at 298K = -9.3066 kcal/mol
   Molecular Weight =                    2.0160 kg/kmol
 -----------------------------------------------------------------------------------------------------
   Temperature       Cp             H             G            S             DH            DG         
       [K]       [cal/mol/K]    [kcal/mol]    [kcal/mol]  [cal/(mol-K)]  [kcal/mol]     [kcal/mol]    
 -----------------------------------------------------------------------------------------------------
     300.0000      6.8948        0.0128        -9.3691       31.2728       0.0138        -0.0625       
     600.0000      6.9913        2.1084        -19.5587      36.1120       2.1095        -10.2522      
     800.0000      7.0776        3.5125        -26.9923      38.1309       3.5135        -17.6857      
     1000.0000     7.2084        4.9437        -34.7835      39.7272       4.9447        -25.4769      
     1200.0000     7.4297        6.4078        -42.8657      41.0613       6.4088        -33.5592      
     1400.0000     7.6357        7.9146        -51.1965      42.2222       7.9156        -41.8900      
     1600.0000     7.8273        9.4611        -59.7461      43.2545       9.4621        -50.4395      
     1800.0000     8.0057        11.0446       -68.4917      44.1868       11.0456       -59.1851      
     2000.0000     8.1720        12.6626       -77.4155      45.0390       12.6636       -68.1089      
     2200.0000     8.3271        14.3127       -86.5029      45.8253       14.3137       -77.1963      
     2400.0000     8.4718        15.9927       -95.7419      46.5561       15.9937       -86.4353      
     2600.0000     8.6072        17.7008       -105.1222     47.2396       17.7018       -95.8156      
 -----------------------------------------------------------------------------------------------------


 ====================================================================================================
   THERMO TABLE FOR MOLECULE O
 ====================================================================================================
   Elemental Composition:
     O 1.0000
   Formation Enthalpy at 298K =          59.5470 kcal/mol
   Formation Free Gibbs Energy at 298K = 48.0777 kcal/mol
   Molecular Weight =                    15.9990 kg/kmol
 -----------------------------------------------------------------------------------------------------
   Temperature       Cp             H             G            S             DH            DG         
       [K]       [cal/mol/K]    [kcal/mol]    [kcal/mol]  [cal/(mol-K)]  [kcal/mol]     [kcal/mol]    
 -----------------------------------------------------------------------------------------------------
     300.0000      5.2338        59.5575       48.0007       38.5226       0.0105        -0.0770       
     600.0000      5.0516        61.0914       35.8472       42.0737       1.5444        -12.2306      
     800.0000      5.0155        62.0981       27.2805       43.5220       2.5511        -20.7972      
     1000.0000     5.0005        63.0986       18.4602       44.6384       3.5516        -29.6175      
     1200.0000     4.9921        64.0979       9.4387        45.5494       4.5509        -38.6391      
     1400.0000     4.9853        65.0956       0.2499        46.3184       5.5486        -47.8278      
     1600.0000     4.9801        66.0921       -9.0818       46.9837       6.5451        -57.1595      
     1800.0000     4.9769        67.0878       -18.5383      47.5701       7.5408        -66.6161      
     2000.0000     4.9759        68.0830       -28.1057      48.0944       8.5360        -76.1834      
     2200.0000     4.9770        69.0783       -37.7728      48.5687       9.5312        -85.8505      
     2400.0000     4.9805        70.0740       -47.5304      49.0018       10.5270       -95.6082      
     2600.0000     4.9863        71.0706       -57.3712      49.4007       11.5236       -105.4489     
 -----------------------------------------------------------------------------------------------------


 ====================================================================================================
   THERMO TABLE FOR MOLECULE O2
 ====================================================================================================
   Elemental Composition:
     O 2.0000
   Formation Enthalpy at 298K =          -0.0011 kcal/mol
   Formation Free Gibbs Energy at 298K = -14.6099 kcal/mol
   Molecular Weight =                    31.9980 kg/kmol
 -----------------------------------------------------------------------------------------------------
   Temperature       Cp             H             G            S             DH            DG         
       [K]       [cal/mol/K]    [kcal/mol]    [kcal/mol]  [cal/(mol-K)]  [kcal/mol]     [kcal/mol]    
 -----------------------------------------------------------------------------------------------------
     300.0000      7.0232        0.0130        -14.7080      49.0700       0.0140        -0.0981       
     600.0000      7.6672        2.2093        -30.2618      54.1185       2.2104        -15.6519      
     800.0000      8.0655        3.7850        -41.3208      56.3822       3.7861        -26.7109      
     1000.0000     8.3364        5.4265        -52.7861      58.2126       5.4276        -38.1761      
     1200.0000     8.5008        7.1104        -64.5862      59.7472       7.1115        -49.9763      
     1400.0000     8.6528        8.8260        -76.6708      61.0692       8.8270        -62.0609      
     1600.0000     8.7936        10.5708       -89.0034      62.2339       10.5719       -74.3935      
     1800.0000     8.9246        12.3428       -101.5563     63.2773       12.3438       -86.9464      
     2000.0000     9.0467        14.1401       -114.3079     64.2240       14.1411       -99.6980      
     2200.0000     9.1611        15.9609       -127.2407     65.0916       15.9620       -112.6307     
     2400.0000     9.2686        17.8040       -140.3402     65.8934       17.8051       -125.7303     
     2600.0000     9.3701        19.6680       -153.5943     66.6393       19.6690       -138.9844     
 -----------------------------------------------------------------------------------------------------


 ====================================================================================================
   THERMO TABLE FOR MOLECULE OH
 ====================================================================================================
   Elemental Composition:
     O 1.0000
     H 1.0000
   Formation Enthalpy at 298K =          8.9129 kcal/mol
   Formation Free Gibbs Energy at 298K = -4.1711 kcal/mol
   Molecular Weight =                    17.0070 kg/kmol
 -----------------------------------------------------------------------------------------------------
   Temperature       Cp             H             G            S             DH            DG         
       [K]       [cal/mol/K]    [kcal/mol]    [kcal/mol]  [cal/(mol-K)]  [kcal/mol]     [kcal/mol]    
 -----------------------------------------------------------------------------------------------------
     300.0000      7.1402        8.9272        -4.2589       43.9538       0.0143        -0.0879       
     600.0000      7.0580        11.0473       -18.2661      48.8557       2.1344        -14.0950      
     800.0000      7.1493        12.4668       -28.2507      50.8968       3.5538        -24.0796      
     1000.0000     7.3352        13.9131       -38.5966      52.5098       5.0002        -34.4255      
     1200.0000     7.5739        15.4045       -49.2379      53.8686       6.4916        -45.0668      
     1400.0000     7.7867        16.9410       -60.1325      55.0524       8.0280        -55.9614      
     1600.0000     7.9762        18.5176       -71.2501      56.1048       9.6047        -67.0790      
     1800.0000     8.1452        20.1301       -82.5676      57.0542       11.2172       -78.3965      
     2000.0000     8.2960        21.7745       -94.0663      57.9204       12.8616       -89.8952      
     2200.0000     8.4310        23.4474       -105.7311     58.7175       14.5345       -101.5600     
     2400.0000     8.5522        25.1460       -117.5494     59.4564       16.2330       -113.3783     
     2600.0000     8.6615        26.8675       -129.5103     60.1453       17.9546       -125.3393     
 -----------------------------------------------------------------------------------------------------


 ====================================================================================================
   THERMO TABLE FOR MOLECULE HO2
 ====================================================================================================
   Elemental Composition:
     H 1.0000
     O 2.0000
   Formation Enthalpy at 298K =          2.9372 kcal/mol
   Formation Free Gibbs Energy at 298K = -13.3775 kcal/mol
   Molecular Weight =                    33.0060 kg/kmol
 -----------------------------------------------------------------------------------------------------
   Temperature       Cp             H             G            S             DH            DG         
       [K]       [cal/mol/K]    [kcal/mol]    [kcal/mol]  [cal/(mol-K)]  [kcal/mol]     [kcal/mol]    
 -----------------------------------------------------------------------------------------------------
     300.0000      8.3476        2.9539        -13.4870      54.8032       0.0167        -0.1096       
     600.0000      9.9944        5.7059        -30.9509      61.0946       2.7686        -17.5734      
     800.0000      10.7703       7.7887        -43.4794      64.0852       4.8515        -30.1019      
     1000.0000     11.3792       10.0013       -56.5500      66.5514       7.0641        -43.1726      
     1200.0000     11.8526       12.3252       -70.0770      68.6686       9.3880        -56.6995      
     1400.0000     12.2823       14.7394       -84.0004      70.5285       11.8022       -70.6229      
     1600.0000     12.6703       17.2354       -98.2755      72.1943       14.2981       -84.8980      
     1800.0000     13.0185       19.8049       -112.8680     73.7071       16.8676       -99.4905      
     2000.0000     13.3289       22.4402       -127.7501     75.0952       19.5030       -114.3726     
     2200.0000     13.6036       25.1341       -142.8991     76.3787       22.1968       -129.5216     
     2400.0000     13.8444       27.8794       -158.2956     77.5729       24.9422       -144.9181     
     2600.0000     14.0534       30.6697       -173.9231     78.6895       27.7325       -160.5456     
 -----------------------------------------------------------------------------------------------------


 ====================================================================================================
   THERMO TABLE FOR MOLECULE H2O
 ====================================================================================================
   Elemental Composition:
     H 2.0000
     O 1.0000
   Formation Enthalpy at 298K =          -57.7927 kcal/mol
   Formation Free Gibbs Energy at 298K = -71.2392 kcal/mol
   Molecular Weight =                    18.0150 kg/kmol
 -----------------------------------------------------------------------------------------------------
   Temperature       Cp             H             G            S             DH            DG         
       [K]       [cal/mol/K]    [kcal/mol]    [kcal/mol]  [cal/(mol-K)]  [kcal/mol]     [kcal/mol]    
 -----------------------------------------------------------------------------------------------------
     300.0000      8.0289        -57.7767      -71.3295      45.1760       0.0161        -0.0903       
     600.0000      8.6800        -55.2821      -85.8304      50.9138       2.5107        -14.5912      
     800.0000      9.2565        -53.4890      -96.2802      53.4890       4.3037        -25.0410      
     1000.0000     9.8687        -51.5774      -107.1967     55.6193       6.2153        -35.9575      
     1200.0000     10.5012       -49.5391      -118.5099     57.4757       8.2536        -47.2707      
     1400.0000     11.0589       -47.3819      -130.1740     59.1372       10.4108       -58.9349      
     1600.0000     11.5486       -45.1201      -142.1547     60.6466       12.6726       -70.9155      
     1800.0000     11.9770       -42.7666      -154.4244     62.0322       15.0262       -83.1853      
     2000.0000     12.3502       -40.3330      -166.9606     63.3138       17.4598       -95.7215      
     2200.0000     12.6741       -37.8298      -179.7440     64.5065       19.9630       -108.5049     
     2400.0000     12.9544       -35.2662      -192.7581     65.6216       22.5265       -121.5189     
     2600.0000     13.1963       -32.6506      -205.9881     66.6683       25.1422       -134.7489     
 -----------------------------------------------------------------------------------------------------


 ====================================================================================================
   THERMO TABLE FOR MOLECULE H2O2
 ====================================================================================================
   Elemental Composition:
     H 2.0000
     O 2.0000
   Formation Enthalpy at 298K =          -32.4741 kcal/mol
   Formation Free Gibbs Energy at 298K = -49.1757 kcal/mol
   Molecular Weight =                    34.0140 kg/kmol
 -----------------------------------------------------------------------------------------------------
   Temperature       Cp             H             G            S             DH            DG         
       [K]       [cal/mol/K]    [kcal/mol]    [kcal/mol]  [cal/(mol-K)]  [kcal/mol]     [kcal/mol]    
 -----------------------------------------------------------------------------------------------------
     300.0000      10.1534       -32.4538      -49.2879      56.1136       0.0203        -0.1122       
     600.0000      12.7907       -28.9971      -67.3932      63.9935       3.4770        -18.2175      
     800.0000      13.9883       -26.3109      -80.5902      67.8492       6.1632        -31.4145      
     1000.0000     14.9450       -23.4194      -94.4908      71.0714       9.0547        -45.3151      
     1200.0000     15.6830       -20.3547      -108.9905     73.8632       12.1194       -59.8148      
     1400.0000     16.3123       -17.1535      -124.0144     76.3293       15.3206       -74.8387      
     1600.0000     16.8461       -13.8361      -139.5054     78.5433       18.6380       -90.3297      
     1800.0000     17.2968       -10.4206      -155.4182     80.5543       22.0535       -106.2425     
     2000.0000     17.6760       -6.9222       -171.7159     82.3969       25.5519       -122.5402     
     2200.0000     17.9943       -3.3542       -188.3675     84.0970       29.1199       -139.1918     
     2400.0000     18.2615       0.2722        -205.3465     85.6745       32.7463       -156.1708     
     2600.0000     18.4864       3.9476        -222.6302     87.1453       36.4217       -173.4545     
 -----------------------------------------------------------------------------------------------------


 ====================================================================================================
   THERMO TABLE FOR MOLECULE AL
 ====================================================================================================
   Elemental Composition:
     AL 1.0000
   Formation Enthalpy at 298K =          78.8626 kcal/mol
   Formation Free Gibbs Energy at 298K = 67.1444 kcal/mol
   Molecular Weight =                    26.9815 kg/kmol
 -----------------------------------------------------------------------------------------------------
   Temperature       Cp             H             G            S             DH            DG         
       [K]       [cal/mol/K]    [kcal/mol]    [kcal/mol]  [cal/(mol-K)]  [kcal/mol]     [kcal/mol]    
 -----------------------------------------------------------------------------------------------------
     300.0000      5.1098        78.8728       67.0657       39.3570       0.0102        -0.0787       
     600.0000      5.0059        80.3822       54.6732       42.8482       1.5196        -12.4711      
     800.0000      4.9871        81.3819       45.9528       44.2864       2.5193        -21.1916      
     1000.0000     4.9829        82.3775       36.9802       45.3972       3.5149        -30.1641      
     1200.0000     4.9789        83.3736       27.8072       46.3054       4.5111        -39.3371      
     1400.0000     4.9759        84.3691       18.4674       47.0726       5.5065        -48.6769      
     1600.0000     4.9735        85.3640       8.9850        47.7369       6.5015        -58.1594      
     1800.0000     4.9717        86.3585       -0.6221       48.3226       7.4960        -67.7665      
     2000.0000     4.9702        87.3527       -10.3399      48.8463       8.4902        -77.4843      
     2200.0000     4.9691        88.3467       -20.1573      49.3200       9.4841        -87.3017      
     2400.0000     4.9683        89.3404       -30.0652      49.7523       10.4778       -97.2095      
     2600.0000     4.9679        90.3340       -40.0559      50.1500       11.4714       -107.2003     
 -----------------------------------------------------------------------------------------------------


 ====================================================================================================
   THERMO TABLE FOR MOLECULE ALO
 ====================================================================================================
   Elemental Composition:
     AL 1.0000
     O 1.0000
   Formation Enthalpy at 298K =          16.0868 kcal/mol
   Formation Free Gibbs Energy at 298K = 0.5351 kcal/mol
   Molecular Weight =                    42.9805 kg/kmol
 -----------------------------------------------------------------------------------------------------
   Temperature       Cp             H             G            S             DH            DG         
       [K]       [cal/mol/K]    [kcal/mol]    [kcal/mol]  [cal/(mol-K)]  [kcal/mol]     [kcal/mol]    
 -----------------------------------------------------------------------------------------------------
     300.0000      7.3875        16.1015       0.4307        52.2361       0.0148        -0.1044       
     600.0000      8.3042        18.4676       -16.1318      57.6657       2.3809        -16.6669      
     800.0000      8.6025        20.1617       -27.9186      60.1005       4.0750        -28.4537      
     1000.0000     8.8835        21.9067       -40.1395      62.0462       5.8199        -40.6746      
     1200.0000     9.3442        23.7304       -52.7185      63.7074       7.6436        -53.2536      
     1400.0000     9.7512        25.6408       -65.6099      65.1791       9.5540        -66.1450      
     1600.0000     10.1062       27.6274       -78.7805      66.5049       11.5406       -79.3156      
     1800.0000     10.4115       29.6800       -92.2041      67.7134       13.5932       -92.7392      
     2000.0000     10.6694       31.7888       -105.8593     68.8241       15.7021       -106.3944     
     2200.0000     10.8824       33.9448       -119.7281     69.8513       17.8580       -120.2633     
     2400.0000     11.0531       36.1390       -133.7950     70.8058       20.0522       -134.3301     
     2600.0000     11.1844       38.3634       -148.0462     71.6960       22.2766       -148.5813     
 -----------------------------------------------------------------------------------------------------


 ====================================================================================================
   THERMO TABLE FOR MOLECULE ALO2
 ====================================================================================================
   Elemental Composition:
     AL 1.0000
     O 2.0000
   Formation Enthalpy at 298K =          -9.2403 kcal/mol
   Formation Free Gibbs Energy at 298K = -28.4181 kcal/mol
   Molecular Weight =                    58.9795 kg/kmol
 -----------------------------------------------------------------------------------------------------
   Temperature       Cp             H             G            S             DH            DG         
       [K]       [cal/mol/K]    [kcal/mol]    [kcal/mol]  [cal/(mol-K)]  [kcal/mol]     [kcal/mol]    
 -----------------------------------------------------------------------------------------------------
     300.0000      12.3613       -9.2156       -28.5469      64.4377       0.0247        -0.1288       
     600.0000      13.9333       -5.2305       -49.3797      73.5820       4.0098        -20.9616      
     800.0000      14.3045       -2.4013       -64.5205      77.6491       6.8390        -36.1024      
     1000.0000     14.5110       0.4803        -80.3829      80.8632       9.7206        -51.9648      
     1200.0000     14.6059       3.3924        -96.8288      83.5177       12.6327       -68.4107      
     1400.0000     14.6797       6.3213        -113.7637     85.7750       15.5616       -85.3456      
     1600.0000     14.7361       9.2631        -131.1193     87.7390       18.5034       -102.7012     
     1800.0000     14.7786       12.2148       -148.8443     89.4772       21.4551       -120.4262     
     2000.0000     14.8102       15.1738       -166.8983     91.0360       24.4141       -138.4802     
     2200.0000     14.8339       18.1383       -185.2490     92.4488       27.3786       -156.8309     
     2400.0000     14.8522       21.1070       -203.8697     93.7403       30.3473       -175.4516     
     2600.0000     14.8674       24.0790       -222.7383     94.9297       33.3193       -194.3202     
 -----------------------------------------------------------------------------------------------------


 ====================================================================================================
   THERMO TABLE FOR MOLECULE AL2O
 ====================================================================================================
   Elemental Composition:
     AL 2.0000
     O 1.0000
   Formation Enthalpy at 298K =          -35.5170 kcal/mol
   Formation Free Gibbs Energy at 298K = -53.5423 kcal/mol
   Molecular Weight =                    69.9620 kg/kmol
 -----------------------------------------------------------------------------------------------------
   Temperature       Cp             H             G            S             DH            DG         
       [K]       [cal/mol/K]    [kcal/mol]    [kcal/mol]  [cal/(mol-K)]  [kcal/mol]     [kcal/mol]    
 -----------------------------------------------------------------------------------------------------
     300.0000      12.4371       -35.4921      -53.6634      60.5710       0.0249        -0.1211       
     600.0000      13.9142       -31.4974      -73.3424      69.7416       4.0195        -19.8001      
     800.0000      14.2930       -28.6726      -87.7144      73.8022       6.8443        -34.1721      
     1000.0000     14.4942       -25.7915      -102.8074     77.0159       9.7255        -49.2651      
     1200.0000     14.5915       -22.8826      -118.4835     79.6675       12.6344       -64.9412      
     1400.0000     14.6684       -19.9563      -134.6482     81.9228       15.5607       -81.1058      
     1600.0000     14.7279       -17.0164      -151.2332     83.8856       18.5006       -97.6909      
     1800.0000     14.7728       -14.0661      -168.1874     85.6230       21.4509       -114.6451     
     2000.0000     14.8054       -11.1081      -185.4705     87.1812       24.4089       -131.9282     
     2200.0000     14.8283       -8.1445       -203.0502     88.5935       27.3724       -149.5079     
     2400.0000     14.8434       -5.1772       -220.8998     89.8844       30.3397       -167.3575     
     2600.0000     14.8527       -2.2075       -238.9971     91.0729       33.3094       -185.4548     
 -----------------------------------------------------------------------------------------------------


 ====================================================================================================
   THERMO TABLE FOR MOLECULE AL2O2
 ====================================================================================================
   Elemental Composition:
     AL 2.0000
     O 2.0000
   Formation Enthalpy at 298K =          -96.3341 kcal/mol
   Formation Free Gibbs Energy at 298K = -116.8450 kcal/mol
   Molecular Weight =                    85.9610 kg/kmol
 -----------------------------------------------------------------------------------------------------
   Temperature       Cp             H             G            S             DH            DG         
       [K]       [cal/mol/K]    [kcal/mol]    [kcal/mol]  [cal/(mol-K)]  [kcal/mol]     [kcal/mol]    
 -----------------------------------------------------------------------------------------------------
     300.0000      16.3051       -96.3016      -116.9828     68.9375       0.0326        -0.1378       
     600.0000      18.8922       -90.9574      -139.6664     81.1817       5.3768        -22.8214      
     800.0000      19.6246       -87.0981      -156.4804     86.7279       9.2361        -39.6354      
     1000.0000     20.0245       -83.1290      -174.2836     91.1546       13.2051       -57.4386      
     1200.0000     20.2222       -79.1036      -192.8920     94.8237       17.2305       -76.0470      
     1400.0000     20.3788       -75.0429      -212.1773     97.9532       21.2913       -95.3323      
     1600.0000     20.5001       -70.9544      -232.0467     100.6827      25.3797       -115.2017     
     1800.0000     20.5918       -66.8448      -252.4298     103.1028      29.4893       -135.5848     
     2000.0000     20.6590       -62.7193      -273.2714     105.2760      33.6148       -156.4264     
     2200.0000     20.7063       -58.5825      -294.5268     107.2474      37.7516       -177.6818     
     2400.0000     20.7378       -54.4379      -316.1592     109.0505      41.8963       -199.3141     
     2600.0000     20.7575       -50.2882      -338.1376     110.7113      46.0460       -221.2925     
 -----------------------------------------------------------------------------------------------------


 ====================================================================================================
   THERMO TABLE FOR MOLECULE AL2O3
 ====================================================================================================
   Elemental Composition:
     AL 2.0000
     O 3.0000
   Formation Enthalpy at 298K =          -130.4474 kcal/mol
   Formation Free Gibbs Energy at 298K = -152.9361 kcal/mol
   Molecular Weight =                    101.9600 kg/kmol
 -----------------------------------------------------------------------------------------------------
   Temperature       Cp             H             G            S             DH            DG         
       [K]       [cal/mol/K]    [kcal/mol]    [kcal/mol]  [cal/(mol-K)]  [kcal/mol]     [kcal/mol]    
 -----------------------------------------------------------------------------------------------------
     300.0000      18.6773       -130.4101     -153.0871     75.5900       0.0373        -0.1511       
     600.0000      23.2992       -123.9604     -178.1452     90.3080       6.4870        -25.2091      
     800.0000      24.3056       -119.1882     -196.9206     97.1655       11.2592       -43.9845      
     1000.0000     24.8274       -114.2679     -216.9209     102.6530      16.1795       -63.9848      
     1200.0000     25.0910       -109.2748     -237.9196     107.2040      21.1726       -84.9835      
     1400.0000     25.2888       -104.2359     -259.7582     111.0874      26.2116       -106.8221     
     1600.0000     25.4326       -99.1629      -282.3216     114.4741      31.2845       -129.3855     
     1800.0000     25.5334       -94.0657      -305.5223     117.4759      36.3817       -152.5862     
     2000.0000     25.6008       -88.9518      -329.2914     120.1698      41.4956       -176.3554     
     2200.0000     25.6434       -83.8270      -353.5734     122.6120      46.6204       -200.6373     
     2400.0000     25.6686       -78.6956      -378.3223     124.8445      51.7518       -225.3862     
     2600.0000     25.6828       -73.5603      -403.4994     126.8997      56.8871       -250.5633     
 -----------------------------------------------------------------------------------------------------


 ====================================================================================================
   THERMO TABLE FOR MOLECULE ALH
 ====================================================================================================
   Elemental Composition:
     AL 1.0000
     H 1.0000
   Formation Enthalpy at 298K =          59.5647 kcal/mol
   Formation Free Gibbs Energy at 298K = 46.1869 kcal/mol
   Molecular Weight =                    27.9895 kg/kmol
 -----------------------------------------------------------------------------------------------------
   Temperature       Cp             H             G            S             DH            DG         
       [K]       [cal/mol/K]    [kcal/mol]    [kcal/mol]  [cal/(mol-K)]  [kcal/mol]     [kcal/mol]    
 -----------------------------------------------------------------------------------------------------
     300.0000      7.0213        59.5787       46.0970       44.9389       0.0140        -0.0898       
     600.0000      7.6457        61.7702       31.7839       49.9770       2.2055        -14.4029      
     800.0000      8.0727        63.3439       21.5537       52.2378       3.7792        -24.6332      
     1000.0000     8.3783        64.9907       10.9168       54.0739       5.4260        -35.2700      
     1200.0000     8.5354        66.6822       -0.0563       55.6154       7.1175        -46.2432      
     1400.0000     8.6886        68.4046       -11.3151      56.9427       8.8399        -57.5020      
     1600.0000     8.8407        70.1575       -22.8229      58.1128       10.5929       -69.0098      
     1800.0000     8.9937        71.9409       -34.5523      59.1629       12.3763       -80.7391      
     2000.0000     9.1493        73.7552       -46.4818      60.1185       14.1905       -92.6687      
     2200.0000     9.3087        75.6009       -58.5946      60.9980       16.0363       -104.7815     
     2400.0000     9.4722        77.4790       -70.8768      61.8149       17.9143       -117.0637     
     2600.0000     9.6399        79.3901       -83.3171      62.5797       19.8254       -129.5040     
 -----------------------------------------------------------------------------------------------------


 ====================================================================================================
   THERMO TABLE FOR MOLECULE ALH2
 ====================================================================================================
   Elemental Composition:
     AL 1.0000
     H 2.0000
   Formation Enthalpy at 298K =          66.1420 kcal/mol
   Formation Free Gibbs Energy at 298K = 50.9518 kcal/mol
   Molecular Weight =                    28.9975 kg/kmol
 -----------------------------------------------------------------------------------------------------
   Temperature       Cp             H             G            S             DH            DG         
       [K]       [cal/mol/K]    [kcal/mol]    [kcal/mol]  [cal/(mol-K)]  [kcal/mol]     [kcal/mol]    
 -----------------------------------------------------------------------------------------------------
     300.0000      8.5583        66.1592       50.8498       51.0312       0.0171        -0.1020       
     600.0000      10.1951       68.9700       34.4940       57.4599       2.8279        -16.4578      
     800.0000      11.1484       71.1083       22.6850       60.5291       4.9662        -28.2668      
     1000.0000     11.8480       73.4120       10.3155       63.0965       7.2699        -40.6363      
     1200.0000     12.2703       75.8250       -2.5290       65.2951       9.6830        -53.4808      
     1400.0000     12.6252       78.3156       -15.7840      67.2140       12.1736       -66.7358      
     1600.0000     12.9220       80.8712       -29.4005      68.9198       14.7292       -80.3523      
     1800.0000     13.1692       83.4811       -43.3407      70.4565       17.3391       -94.2924      
     2000.0000     13.3746       86.1361       -57.5739      71.8550       19.9941       -108.5257     
     2200.0000     13.5455       88.8286       -72.0750      73.1380       22.6866       -123.0268     
     2400.0000     13.6883       91.5524       -86.8226      74.3229       25.4104       -137.7744     
     2600.0000     13.8087       94.3025       -101.7985     75.4235       28.1604       -152.7503     
 -----------------------------------------------------------------------------------------------------


 ====================================================================================================
   THERMO TABLE FOR MOLECULE ALH3
 ====================================================================================================
   Elemental Composition:
     AL 1.0000
     H 3.0000
   Formation Enthalpy at 298K =          30.8021 kcal/mol
   Formation Free Gibbs Energy at 298K = 16.0918 kcal/mol
   Molecular Weight =                    30.0055 kg/kmol
 -----------------------------------------------------------------------------------------------------
   Temperature       Cp             H             G            S             DH            DG         
       [K]       [cal/mol/K]    [kcal/mol]    [kcal/mol]  [cal/(mol-K)]  [kcal/mol]     [kcal/mol]    
 -----------------------------------------------------------------------------------------------------
     300.0000      9.5959        30.8213       15.9931       49.4274       0.0192        -0.0988       
     600.0000      13.2654       34.2657       -0.0770       57.2380       3.4636        -16.1689      
     800.0000      15.0541       37.1090       -11.9433      61.3154       6.3069        -28.0351      
     1000.0000     16.3200       40.2511       -24.5648      64.8159       9.4490        -40.6566      
     1200.0000     17.0758       43.5934       -37.8394      67.8606       12.7912       -53.9312      
     1400.0000     17.6839       47.0716       -51.6848      70.5403       16.2695       -67.7766      
     1600.0000     18.1648       50.6584       -66.0365      72.9343       19.8563       -82.1283      
     1800.0000     18.5378       54.3304       -80.8431      75.0964       23.5282       -96.9349      
     2000.0000     18.8205       58.0676       -96.0622      77.0649       27.2654       -112.1540     
     2200.0000     19.0293       61.8536       -111.6581     78.8690       31.0515       -127.7499     
     2400.0000     19.1787       65.6753       -127.6003     80.5315       34.8732       -143.6922     
     2600.0000     19.2820       69.5221       -143.8625     82.0710       38.7199       -159.9543     
 -----------------------------------------------------------------------------------------------------


 ====================================================================================================
   THERMO TABLE FOR MOLECULE ALOH
 ====================================================================================================
   Elemental Composition:
     AL 1.0000
     O 1.0000
     H 1.0000
   Formation Enthalpy at 298K =          -46.0678 kcal/mol
   Formation Free Gibbs Energy at 298K = -61.9220 kcal/mol
   Molecular Weight =                    43.9885 kg/kmol
 -----------------------------------------------------------------------------------------------------
   Temperature       Cp             H             G            S             DH            DG         
       [K]       [cal/mol/K]    [kcal/mol]    [kcal/mol]  [cal/(mol-K)]  [kcal/mol]     [kcal/mol]    
 -----------------------------------------------------------------------------------------------------
     300.0000      10.4182       -46.0470      -62.0285      53.2715       0.0208        -0.1065       
     600.0000      12.0724       -42.6145      -79.2967      61.1371       3.4533        -17.3747      
     800.0000      12.5042       -40.1549      -91.8925      64.6720       5.9129        -29.9705      
     1000.0000     12.8306       -37.6182      -105.1190     67.5008       8.4496        -43.1971      
     1200.0000     13.1243       -35.0220      -118.8621     69.8667       11.0458       -56.9401      
     1400.0000     13.3769       -32.3713      -133.0443     71.9093       13.6966       -71.1223      
     1600.0000     13.5929       -29.6737      -147.6097     73.7100       16.3941       -85.6878      
     1800.0000     13.7766       -26.9363      -162.5157     75.3219       19.1316       -100.5938     
     2000.0000     13.9319       -24.1650      -177.7284     76.7817       21.9029       -115.8064     
     2200.0000     14.0624       -21.3651      -193.2201     78.1159       24.7027       -131.2981     
     2400.0000     14.1716       -18.5414      -208.9677     79.3443       27.5264       -147.0457     
     2600.0000     14.2625       -15.6977      -224.9518     80.4823       30.3701       -163.0298     
 -----------------------------------------------------------------------------------------------------


 ====================================================================================================
   THERMO TABLE FOR MOLECULE AL2O3L
 ====================================================================================================
   Elemental Composition:
     AL 2.0000
     O 3.0000
   Formation Enthalpy at 298K =          -391.3016 kcal/mol
   Formation Free Gibbs Energy at 298K = -391.7496 kcal/mol
   Molecular Weight =                    101.9600 kg/kmol
 -----------------------------------------------------------------------------------------------------
   Temperature       Cp             H             G            S             DH            DG         
       [K]       [cal/mol/K]    [kcal/mol]    [kcal/mol]  [cal/(mol-K)]  [kcal/mol]     [kcal/mol]    
 -----------------------------------------------------------------------------------------------------
     300.0000      38.9298       -391.2237     -391.7529     1.7640        0.0779        -0.0033       
     600.0000      38.9298       -379.5448     -396.7936     28.7481       11.7568       -5.0440       
     800.0000      38.9298       -371.7588     -403.7168     39.9475       19.5428       -11.9671      
     1000.0000     38.9298       -363.9728     -412.6072     48.6344       27.3287       -20.8576      
     1200.0000     38.9298       -356.1869     -423.0655     55.7321       35.1147       -31.3158      
     1400.0000     38.9298       -348.4009     -434.8274     61.7332       42.9006       -43.0778      
     1600.0000     38.9298       -340.6149     -447.7054     66.9316       50.6866       -55.9558      
     1800.0000     38.9298       -332.8290     -461.5593     71.5168       58.4726       -69.8097      
     2000.0000     38.9298       -325.0430     -476.2800     75.6185       66.2585       -84.5304      
     2200.0000     38.9298       -317.2571     -491.7806     79.3289       74.0445       -100.0310     
     2400.0000     38.9298       -309.4711     -507.9901     82.7162       81.8305       -116.2404     
     2600.0000     38.9298       -301.6851     -524.8491     85.8323       89.6164       -133.0995     
 -----------------------------------------------------------------------------------------------------


 ====================================================================================================
   THERMO TABLE FOR MOLECULE N2
 ====================================================================================================
   Elemental Composition:
     N 2.0000
   Formation Enthalpy at 298K =          -0.0010 kcal/mol
   Formation Free Gibbs Energy at 298K = -13.6457 kcal/mol
   Molecular Weight =                    28.0140 kg/kmol
 -----------------------------------------------------------------------------------------------------
   Temperature       Cp             H             G            S             DH            DG         
       [K]       [cal/mol/K]    [kcal/mol]    [kcal/mol]  [cal/(mol-K)]  [kcal/mol]     [kcal/mol]    
 -----------------------------------------------------------------------------------------------------
     300.0000      6.9604        0.0129        -13.7373      45.8339       0.0139        -0.0916       
     600.0000      7.1913        2.1264        -28.2986      50.7083       2.1274        -14.6529      
     800.0000      7.5108        3.5954        -38.6599      52.8191       3.5964        -25.0142      
     1000.0000     7.8106        5.1296        -49.4000      54.5296       5.1307        -35.7543      
     1200.0000     8.0389        6.7153        -60.4541      55.9745       6.7163        -46.8084      
     1400.0000     8.2275        8.3425        -71.7771      57.2283       8.3436        -58.1314      
     1600.0000     8.3816        10.0040       -83.3358      58.3374       10.0050       -69.6901      
     1800.0000     8.5062        11.6932       -95.1045      59.3320       11.6943       -81.4588      
     2000.0000     8.6056        13.4048       -107.0624     60.2336       13.4058       -93.4168      
     2200.0000     8.6840        15.1340       -119.1927     61.0576       15.1351       -105.5471     
     2400.0000     8.7454        16.8772       -131.4811     61.8160       16.8783       -117.8354     
     2600.0000     8.7930        18.6313       -143.9154     62.5179       18.6323       -130.2697     
 -----------------------------------------------------------------------------------------------------


 ====================================================================================================
   THERMO TABLE FOR MOLECULE AR
 ====================================================================================================
   Elemental Composition:
     AR 1.0000
   Formation Enthalpy at 298K =          -0.0007 kcal/mol
   Formation Free Gibbs Energy at 298K = -11.0276 kcal/mol
   Molecular Weight =                    39.9480 kg/kmol
 -----------------------------------------------------------------------------------------------------
   Temperature       Cp             H             G            S             DH            DG         
       [K]       [cal/mol/K]    [kcal/mol]    [kcal/mol]  [cal/(mol-K)]  [kcal/mol]     [kcal/mol]    
 -----------------------------------------------------------------------------------------------------
     300.0000      4.9675        0.0092        -11.1016      37.0360       0.0099        -0.0740       
     600.0000      4.9675        1.4994        -22.7881      40.4792       1.5002        -11.7605      
     800.0000      4.9675        2.4929        -31.0336      41.9082       2.4937        -20.0061      
     1000.0000     4.9675        3.4864        -39.5302      43.0167       3.4872        -28.5027      
     1200.0000     4.9675        4.4799        -48.2269      43.9224       4.4807        -37.1993      
     1400.0000     4.9675        5.4734        -57.0899      44.6881       5.4742        -46.0624      
     1600.0000     4.9675        6.4669        -66.0953      45.3514       6.4677        -55.0678      
     1800.0000     4.9675        7.4604        -75.2253      45.9365       7.4612        -64.1977      
     2000.0000     4.9675        8.4539        -84.4659      46.4599       8.4547        -73.4383      
     2200.0000     4.9675        9.4474        -93.8059      46.9333       9.4482        -82.7784      
     2400.0000     4.9675        10.4409       -103.2364     47.3656       10.4417       -92.2089      
     2600.0000     4.9675        11.4344       -112.7499     47.7632       11.4352       -101.7223     
 -----------------------------------------------------------------------------------------------------


