------------------------------
  Elements     Atomic Weight  
------------------------------
  1.	C         12.01099968
  2.	O         15.99899960
  3.	N         14.00699997
  4.	AL        26.98150000
  5.	AR        39.94800186
------------------------------


----------------------------------------------------------------------------------------------------------------------
                                                Molecular        Temperature        Elements
  Species                  Phase  Charge         weight         Low      High       C       O       N      AL      AR
----------------------------------------------------------------------------------------------------------------------
    1. O                     G      0           15.999000    200.00   6000.00       0       1       0       0       0
    2. O2                    G      0           31.997999    200.00   6000.00       0       2       0       0       0
    3. C                     G      0           12.011000    200.00   6000.00       1       0       0       0       0
    4. CO                    G      0           28.009999    200.00   6000.00       1       1       0       0       0
    5. CO2                   G      0           44.008999    200.00   6000.00       1       2       0       0       0
    6. AL                    G      0           26.981500    200.00   6000.00       0       0       0       1       0
    7. ALO                   G      0           42.980500    200.00   6000.00       0       1       0       1       0
    8. ALO2                  G      0           58.979499    200.00   6000.00       0       2       0       1       0
    9. AL2O                  G      0           69.962000    200.00   6000.00       0       1       0       2       0
   10. AL2O2                 G      0           85.960999    200.00   6000.00       0       2       0       2       0
   11. AL2O3                 G      0          101.959999    200.00   5000.00       0       3       0       2       0
   12. AL2O3L                L      0          101.959999    300.00   6000.00       0       3       0       2       0
   13. N2                    G      0           28.014000    200.00   6000.00       0       0       2       0       0
   14. AR                    G      0           39.948002    200.00   6000.00       0       0       0       0       1
   15. AL(L)                 L      0           26.981500    300.00   6000.00       0       0       0       1       0
----------------------------------------------------------------------------------------------------------------------

----------------------------------------------------------------------------------------------------------------------
                                                Molecular        Temperature        Elements
  Species                  Phase  Charge         weight         Low      High       C       O       N      AL      AR
----------------------------------------------------------------------------------------------------------------------
   14. AR                    G      0           39.948002    200.00   6000.00       0       0       0       0       1
    6. AL                    G      0           26.981500    200.00   6000.00       0       0       0       1       0
   15. AL(L)                 L      0           26.981500    300.00   6000.00       0       0       0       1       0
   13. N2                    G      0           28.014000    200.00   6000.00       0       0       2       0       0
    1. O                     G      0           15.999000    200.00   6000.00       0       1       0       0       0
    7. ALO                   G      0           42.980500    200.00   6000.00       0       1       0       1       0
    9. AL2O                  G      0           69.962000    200.00   6000.00       0       1       0       2       0
    2. O2                    G      0           31.997999    200.00   6000.00       0       2       0       0       0
    8. ALO2                  G      0           58.979499    200.00   6000.00       0       2       0       1       0
   10. AL2O2                 G      0           85.960999    200.00   6000.00       0       2       0       2       0
   11. AL2O3                 G      0          101.959999    200.00   5000.00       0       3       0       2       0
   12. AL2O3L                L      0          101.959999    300.00   6000.00       0       3       0       2       0
    3. C                     G      0           12.011000    200.00   6000.00       1       0       0       0       0
    4. CO                    G      0           28.009999    200.00   6000.00       1       1       0       0       0
    5. CO2                   G      0           44.008999    200.00   6000.00       1       2       0       0       0
----------------------------------------------------------------------------------------------------------------------

---------------------------------------------------------------------------------------
                                LIQUID MECHANISM                                       
---------------------------------------------------------------------------------------

       Number of materials:       1
       Number of liquid species:   1

       Materials: 
       LIQUIDMIX

       ------------------------------------------------------------------------------------------------------------------
       LIQUIDMIX               global-index    liquid-index    local-index     
       ------------------------------------------------------------------------------------------------------------------
       Al(L)                   15              1               1               

--------------------------------------------------------------------------------------------------------
                                  CHEMICAL REACTIONS                                                  

                         Units: [kmol, m3, s] and [cal/mol]                                           
--------------------------------------------------------------------------------------------------------


