 ----------------------------------------------------------------------------------------------------------------------------------------------------------------------------------------------------------------------------------------------------------
                     SPECIFIC HEAT COEFFICIENTS                                                                     

             Cp = A + B*T + C*T^2 + D*T^3 + E*T^4  [J/kg/K]                                                         

    Species                      Cp(298K)         Cp(1000K)          LT-HT            A(LT)            B(LT)            C(LT)            D(LT)            E(LT)             A(HT)           B(HT)            C(HT)            D(HT)           E(HT)      
 ----------------------------------------------------------------------------------------------------------------------------------------------------------------------------------------------------------------------------------------------------------

    1. O                        1.369608e+03     1.307846e+03     1.000000e+03     1.646505e+03    -1.704217e+00     3.452310e-03    -3.184673e-06     1.097920e-09     1.321893e+03    -1.419588e-02    -2.177639e-06     2.574952e-09    -2.492175e-13
    2. O2                       9.181008e+02     1.090161e+03     1.000000e+03     9.828455e+02    -7.786810e-01     2.558754e-03    -2.515619e-06     8.428607e-10     9.512757e+02     1.705522e-01    -3.667677e-05     5.347519e-09    -3.375712e-13
    3. C                        1.734961e+03     1.731134e+03     1.000000e+03     1.768140e+03    -2.225804e-01     5.079584e-04    -5.068803e-07     1.844961e-10     1.803682e+03    -1.356331e-01     7.388749e-05    -1.136926e-08     5.667387e-13
    4. CO                       1.040366e+03     1.183965e+03     1.000000e+03     1.062545e+03    -1.811768e-01     3.018302e-04     2.692348e-07    -2.684685e-10     9.049097e+02     4.012457e-01    -1.442027e-04     2.340684e-08    -1.394572e-12
    5. CO2                      8.436543e+02     1.234312e+03     1.000000e+03     4.452642e+02     1.697339e+00    -1.345546e-03     4.642490e-07    -2.699484e-11     8.759594e+02     5.179336e-01    -1.881514e-04     3.030128e-08    -1.730941e-12
    6. Al                       7.928109e+02     7.727683e+02     1.000000e+03     9.588121e+02    -1.101230e+00     2.473530e-03    -2.433300e-06     8.749566e-10     7.800994e+02    -1.281930e-02     7.425146e-06    -2.204600e-09     2.676353e-13
    7. AlO                      7.185098e+02     8.648698e+02     1.000000e+03     6.478805e+02    -1.413734e-02     1.373780e-03    -2.053234e-06     9.105805e-10     5.567659e+02     3.809370e-01    -7.472938e-05     1.415632e-09     4.806291e-13
    8. AlO2                     8.758244e+02     1.029513e+03     1.000000e+03     6.122340e+02     1.219516e+00    -1.256756e-03     4.411399e-07     1.337846e-11     9.625410e+02     1.033474e-01    -4.423131e-05     8.407099e-09    -5.515659e-13
    9. Al2O                     7.428667e+02     8.668985e+02     1.000000e+03     4.841706e+02     1.342700e+00    -1.982953e-03     1.431749e-06    -4.087678e-10     8.123574e+02     8.141149e-02    -3.200676e-05     5.477603e-09    -3.412310e-13
   10. Al2O2                    7.923709e+02     9.747570e+02     1.000000e+03     4.679157e+02     1.615384e+00    -2.160915e-03     1.435588e-06    -3.832157e-10     8.849113e+02     1.338905e-01    -5.244112e-05     8.953116e-09    -5.568250e-13
   11. Al2O3                    7.642090e+02     1.018916e+03     1.000000e+03     1.207641e+02     3.469847e+00    -5.543347e-03     4.213018e-06    -1.241367e-09     9.039442e+02     1.822595e-01    -8.251812e-05     1.642679e-08    -1.196890e-12
   12. Al2O3L                   1.597676e+03     1.597676e+03     2.327000e+03     1.597676e+03     0.000000e+00     0.000000e+00     0.000000e+00     0.000000e+00     1.597676e+03     0.000000e+00     0.000000e+00     0.000000e+00     0.000000e+00
   13. N2                       1.039626e+03     1.166660e+03     1.000000e+03     1.047991e+03    -3.670217e-02    -1.492886e-04     7.227908e-07    -4.181308e-10     8.763149e+02     4.145954e-01    -1.462114e-04     2.332852e-08    -1.367506e-12
   14. Ar                       5.203303e+02     5.203303e+02     1.000000e+03     5.203303e+02     0.000000e+00     0.000000e+00     0.000000e+00     0.000000e+00     5.203303e+02     0.000000e+00     0.000000e+00     0.000000e+00     0.000000e+00

 ----------------------------------------------------------------------------------------------------------------------------------------------------------------------------------------------------------------------------------------------------------


 -------------------------------------------------------------------------------------------------------------------------------------------------------------------------------------------------------------------------------------------------------------------------------------------
                           ENTHALPY COEFFICIENTS                                                                     

             H/(RT) = A + B*T + C*T^2 + D*T^3 + E*T^4 + F/T  [-]                                                         

    Species                   H(298K)[J/kmol]  H(1000K)[J/kmol]      LT-HT            A(LT)            B(LT)            C(LT)            D(LT)            E(LT)           F(LT)             A(HT)            B(HT)            C(HT)           D(HT)             E(HT)            F(HT)      
 -------------------------------------------------------------------------------------------------------------------------------------------------------------------------------------------------------------------------------------------------------------------------------------------

    1. O                        2.491703e+08     2.640319e+08     1.000000e+03     3.168267e+00    -1.639659e-03     2.214355e-06    -1.532017e-09     4.225319e-13     2.912226e+04     2.543637e+00    -1.365812e-05    -1.396765e-09     1.238705e-12    -9.591074e-17     2.922601e+04
    2. O2                      -4.406652e+03     2.270681e+07     1.000000e+03     3.782456e+00    -1.498367e-03     3.282434e-06    -2.420324e-09     6.487457e-13    -1.063944e+03     3.660961e+00     3.281829e-04    -4.704988e-08     5.144948e-12    -2.598269e-16    -1.215977e+03
    3. C                        7.166627e+08     7.312652e+08     1.000000e+03     2.554239e+00    -1.607689e-04     2.445974e-07    -1.830587e-10     5.330429e-14     8.544268e+04     2.605583e+00    -9.796717e-05     3.557907e-08    -4.105985e-12     1.637412e-16     8.541174e+04
    4. CO                      -1.105337e+08    -8.883940e+07     1.000000e+03     3.579534e+00    -3.051768e-04     3.389381e-07     2.267515e-10    -1.808849e-13    -1.434409e+04     3.048486e+00     6.758640e-04    -1.619313e-07     1.971341e-11    -9.396149e-16    -1.426612e+04
    5. CO2                     -3.935133e+08    -3.601107e+08     1.000000e+03     2.356813e+00     4.492065e-03    -2.374021e-06     6.143252e-10    -2.857710e-14    -4.837197e+04     4.636511e+00     1.370728e-03    -3.319659e-07     4.009667e-11    -1.832397e-15    -4.902490e+04
    6. Al                       3.299949e+08     3.447028e+08     1.000000e+03     3.111469e+00    -1.786817e-03     2.675641e-06    -1.974093e-09     5.678694e-13     3.886415e+04     2.531523e+00    -2.080014e-05     8.031851e-09    -1.788552e-12     1.737022e-16     3.894108e+04
    7. AlO                      6.731399e+07     9.166704e+07     1.000000e+03     3.349132e+00    -3.654055e-05     2.367191e-06    -2.653480e-09     9.414248e-13     7.057285e+03     2.878127e+00     9.846014e-04    -1.287678e-07     1.829480e-12     4.969096e-16     7.288725e+03
    8. AlO2                    -3.866540e+07     2.009783e+06     1.000000e+03     4.342945e+00     4.325381e-03    -2.971642e-06     7.823178e-10     1.898030e-14    -6.256261e+03     6.827884e+00     3.665528e-04    -1.045865e-07     1.490916e-11    -7.825180e-16    -6.862256e+03
    9. Al2O                    -1.486182e+08    -1.079227e+08     1.000000e+03     4.074051e+00     5.649073e-03    -5.561850e-06     3.011860e-09    -6.879149e-13    -1.946534e+04     6.835577e+00     3.425183e-04    -8.977357e-08     1.152282e-11    -5.742574e-16    -2.007939e+04
   10. Al2O2                   -4.031035e+08    -3.478475e+08     1.000000e+03     4.837656e+00     8.350509e-03    -7.447040e-06     3.710540e-09    -7.923928e-13    -5.049571e+04     9.148861e+00     6.921289e-04    -1.807249e-07     2.314097e-11    -1.151373e-15    -5.151869e+04
   11. Al2O3                   -5.458481e+08    -4.781460e+08     1.000000e+03     1.480926e+00     2.127531e-02    -2.265930e-05     1.291603e-08    -3.044569e-12    -6.747615e+04     1.108504e+01     1.117521e-03    -3.373057e-07     5.036029e-11    -2.935484e-15    -6.942043e+04
   12. Al2O3L                  -1.637374e+09    -1.523019e+09     2.327000e+03     1.959226e+01     0.000000e+00     0.000000e+00     0.000000e+00     0.000000e+00    -2.027693e+05     1.959226e+01     0.000000e+00     0.000000e+00     0.000000e+00     0.000000e+00    -2.027693e+05
   13. N2                      -4.368616e+03     2.146458e+07     1.000000e+03     3.531005e+00    -6.183049e-05    -1.676665e-07     6.088265e-10    -2.817625e-13    -1.046976e+03     2.952576e+00     6.984502e-04    -1.642105e-07     1.965025e-11    -9.215104e-16    -9.239487e+02
   14. Ar                      -3.117923e+03     1.458876e+07     1.000000e+03     2.500000e+00     0.000000e+00     0.000000e+00     0.000000e+00     0.000000e+00    -7.453750e+02     2.500000e+00     0.000000e+00     0.000000e+00     0.000000e+00     0.000000e+00    -7.453750e+02

 -------------------------------------------------------------------------------------------------------------------------------------------------------------------------------------------------------------------------------------------------------------------------------------------


 -------------------------------------------------------------------------------------------------------------------------------------------------------------------------------------------------------------------------------------------------------------------------------------------
                             ENTROPY COEFFICIENTS                                                                     

             S/R = A*lnT + B*T + C*T^2 + D*T^3 + E*T^4 + F  [-]                                                         

    Species                 S(298K)[J/kmol/K] S(1000K)[J/kmol/K]     LT-HT            A(LT)            B(LT)            C(LT)            D(LT)            E(LT)           F(LT)             A(HT)            B(HT)            C(HT)           D(HT)             E(HT)            F(HT)      
 -------------------------------------------------------------------------------------------------------------------------------------------------------------------------------------------------------------------------------------------------------------------------------------------

    1. O                        1.610485e+05     1.867864e+05     1.000000e+03     3.168267e+00    -3.279319e-03     3.321532e-06    -2.042689e-09     5.281649e-13     2.051933e+00     2.543637e+00    -2.731625e-05    -2.095148e-09     1.651606e-12    -1.198884e-16     4.922295e+00
    2. O2                       2.051335e+05     2.435864e+05     1.000000e+03     3.782456e+00    -2.996734e-03     4.923651e-06    -3.227098e-09     8.109321e-13     3.657676e+00     3.660961e+00     6.563658e-04    -7.057481e-08     6.859931e-12    -3.247836e-16     3.415363e+00
    3. C                        1.580902e+05     1.832780e+05     1.000000e+03     2.554239e+00    -3.215377e-04     3.668961e-07    -2.440783e-10     6.663036e-14     4.531308e+00     2.605583e+00    -1.959343e-04     5.336861e-08    -5.474647e-12     2.046765e-16     4.192387e+00
    4. CO                       1.976416e+05     2.345446e+05     1.000000e+03     3.579534e+00    -6.103537e-04     5.084071e-07     3.023353e-10    -2.261061e-13     3.508409e+00     3.048486e+00     1.351728e-03    -2.428970e-07     2.628455e-11    -1.174519e-15     6.017098e+00
    5. CO2                      2.137675e+05     2.692860e+05     1.000000e+03     2.356813e+00     8.984130e-03    -3.561032e-06     8.191003e-10    -3.572137e-14     9.900904e+00     4.636511e+00     2.741457e-03    -4.979488e-07     5.346222e-11    -2.290496e-15    -1.934896e+00
    6. Al                       1.645437e+05     1.899616e+05     1.000000e+03     3.111469e+00    -3.573635e-03     4.013462e-06    -2.632124e-09     7.098367e-13     2.836324e+00     2.531523e+00    -4.160028e-05     1.204778e-08    -2.384737e-12     2.171278e-16     5.391705e+00
    7. AlO                      2.183718e+05     2.596280e+05     1.000000e+03     3.349132e+00    -7.308111e-05     3.550787e-06    -3.537973e-09     1.176781e-12     6.974580e+00     2.878127e+00     1.969203e-03    -1.931518e-07     2.439306e-12     6.211370e-16     9.565568e+00
    8. AlO2                     2.692894e+05     3.383666e+05     1.000000e+03     4.342945e+00     8.650763e-03    -4.457463e-06     1.043090e-09     2.372538e-14     5.436034e+00     6.827884e+00     7.331056e-04    -1.568797e-07     1.987888e-11    -9.781475e-16    -7.064330e+00
    9. Al2O                     2.531071e+05     3.222678e+05     1.000000e+03     4.074051e+00     1.129815e-02    -8.342775e-06     4.015814e-09    -8.598936e-13     4.506075e+00     6.835577e+00     6.850366e-04    -1.346603e-07     1.536375e-11    -7.178217e-16    -9.023604e+00
   10. Al2O2                    2.880081e+05     3.814302e+05     1.000000e+03     4.837656e+00     1.670102e-02    -1.117056e-05     4.947387e-09    -9.904910e-13     2.970814e+00     9.148861e+00     1.384258e-03    -2.710874e-07     3.085462e-11    -1.439216e-15    -1.846517e+01
   11. Al2O3                    3.157793e+05     4.295443e+05     1.000000e+03     1.480926e+00     4.255063e-02    -3.398895e-05     1.722137e-08    -3.805712e-12     1.945509e+01     1.108504e+01     2.235043e-03    -5.059586e-07     6.714706e-11    -3.669355e-15    -2.670301e+01
   12. Al2O3L                   6.291598e+03     2.035073e+05     2.327000e+03     1.959226e+01     0.000000e+00     0.000000e+00     0.000000e+00     0.000000e+00    -1.108622e+02     1.959226e+01     0.000000e+00     0.000000e+00     0.000000e+00     0.000000e+00    -1.108622e+02
   13. N2                       1.915940e+05     2.281754e+05     1.000000e+03     3.531005e+00    -1.236610e-04    -2.514997e-07     8.117687e-10    -3.522031e-13     2.967470e+00     2.952576e+00     1.396900e-03    -2.463158e-07     2.620034e-11    -1.151888e-15     5.871888e+00
   14. Ar                       1.548353e+05     1.800003e+05     1.000000e+03     2.500000e+00     0.000000e+00     0.000000e+00     0.000000e+00     0.000000e+00     4.379675e+00     2.500000e+00     0.000000e+00     0.000000e+00     0.000000e+00     0.000000e+00     4.379675e+00

 -------------------------------------------------------------------------------------------------------------------------------------------------------------------------------------------------------------------------------------------------------------------------------------------


