------------------------------
  Elements     Atomic Weight  
------------------------------
  1.	O         15.99899960
  2.	N         14.00699997
  3.	AL        26.98150000
  4.	AR        39.94800186
------------------------------


--------------------------------------------------------------------------------------------------------------
                                                Molecular        Temperature        Elements
  Species                  Phase  Charge         weight         Low      High       O       N      AL      AR
--------------------------------------------------------------------------------------------------------------
    1. O                     G      0           15.999000    200.00   6000.00       1       0       0       0
    2. O2                    G      0           31.997999    200.00   6000.00       2       0       0       0
    3. AL                    G      0           26.981500    200.00   6000.00       0       0       1       0
    4. ALO                   G      0           42.980500    200.00   6000.00       1       0       1       0
    5. ALO2                  G      0           58.979499    200.00   6000.00       2       0       1       0
    6. AL2O                  G      0           69.962000    200.00   6000.00       1       0       2       0
    7. AL2O2                 G      0           85.960999    200.00   6000.00       2       0       2       0
    8. AL2O3                 G      0          101.959999    200.00   5000.00       3       0       2       0
    9. AL2O3L                L      0          101.959999    300.00   6000.00       3       0       2       0
   10. N2                    G      0           28.014000    200.00   6000.00       0       2       0       0
   11. AR                    G      0           39.948002    200.00   6000.00       0       0       0       1
--------------------------------------------------------------------------------------------------------------

--------------------------------------------------------------------------------------------------------------
                                                Molecular        Temperature        Elements
  Species                  Phase  Charge         weight         Low      High       O       N      AL      AR
--------------------------------------------------------------------------------------------------------------
   11. AR                    G      0           39.948002    200.00   6000.00       0       0       0       1
    3. AL                    G      0           26.981500    200.00   6000.00       0       0       1       0
   10. N2                    G      0           28.014000    200.00   6000.00       0       2       0       0
    1. O                     G      0           15.999000    200.00   6000.00       1       0       0       0
    4. ALO                   G      0           42.980500    200.00   6000.00       1       0       1       0
    6. AL2O                  G      0           69.962000    200.00   6000.00       1       0       2       0
    2. O2                    G      0           31.997999    200.00   6000.00       2       0       0       0
    5. ALO2                  G      0           58.979499    200.00   6000.00       2       0       1       0
    7. AL2O2                 G      0           85.960999    200.00   6000.00       2       0       2       0
    8. AL2O3                 G      0          101.959999    200.00   5000.00       3       0       2       0
    9. AL2O3L                L      0          101.959999    300.00   6000.00       3       0       2       0
--------------------------------------------------------------------------------------------------------------

------------------------------------------------------------------------------------------------------------------
  Species                  Shape       eps/kb          sigma             mu           alfa        zRot298         
------------------------------------------------------------------------------------------------------------------
    1. O                     0        80.0000         2.7500         0.0000         0.0000         0.0000
    2. O2                    1       107.4000         3.4580         0.0000         1.6000         3.8000
    3. Al                    0      2836.0000         2.6550         0.0000         8.3400         1.0000
    4. AlO                   1      1381.2000         3.2030         4.3200         6.7000         1.0000
    5. AlO2                  1       984.0000         3.5640         0.0000         9.3300         1.0000
    6. Al2O                  1      2231.0000         3.3440         0.0000        12.6000         1.0000
    7. Al2O2                 2       915.2000         4.0890         5.9000        11.1000         1.0000
    8. Al2O3                 1       352.0000         4.2640         0.0000         9.5000         1.0000
    9. Al2O3L                1       352.0000         4.2640         0.0000         9.5000         1.0000
   10. N2                    1        97.5300         3.6210         0.0000         1.7600         4.0000
   11. Ar                    0       136.5000         3.3300         0.0000         0.0000         0.0000
------------------------------------------------------------------------------------------------------------------


------------------------------------------------------------------------------------------------------------------
  Species                  Shape       eps/kb          sigma             mu           alfa        zRot298         
------------------------------------------------------------------------------------------------------------------
    1. O                     0        80.0000         2.7500         0.0000         0.0000         0.0000
    2. O2                    1       107.4000         3.4580         0.0000         1.6000         3.8000
    3. Al                    0      2836.0000         2.6550         0.0000         8.3400         1.0000
    4. AlO                   1      1381.2000         3.2030         4.3200         6.7000         1.0000
    5. AlO2                  1       984.0000         3.5640         0.0000         9.3300         1.0000
    6. Al2O                  1      2231.0000         3.3440         0.0000        12.6000         1.0000
    7. Al2O2                 2       915.2000         4.0890         5.9000        11.1000         1.0000
    8. Al2O3                 1       352.0000         4.2640         0.0000         9.5000         1.0000
    9. Al2O3L                1       352.0000         4.2640         0.0000         9.5000         1.0000
   10. N2                    1        97.5300         3.6210         0.0000         1.7600         4.0000
   11. Ar                    0       136.5000         3.3300         0.0000         0.0000         0.0000
------------------------------------------------------------------------------------------------------------------


---------------------------------------------------------------------------------------
                                  CHEMICAL REACTIONS                                   

                          Units: [mol, cm3, s] and [cal/mol]                           
---------------------------------------------------------------------------------------


      1. O + Al +M  = AlO +M 
         k:       3.000000e+17	   -1.00          0.00
         Third body efficiencies
         O2                  	enhanced by	   1.100


      2. O2 + Al  = O + AlO 
         k:       9.720000e+13	    0.00        159.97


      3. O2 + AlO  = O + AlO2 
         k:       4.620000e+14	    0.00      19885.90


      4. AlO2  = O + AlO 
         k:       1.000000e+15	    0.00      88557.88


      5. Al2O3  = O + Al2O2 
         k:       3.000000e+15	    0.00      97649.99


      6. Al2O3  = AlO + AlO2 
         k:       3.000000e+15	    0.00     126999.89


      7. Al2O2  = 2AlO 
         k:       1.000000e+15	    0.00     117939.78


      8. Al2O2  = Al + AlO2 
         k:       1.000000e+15	    0.00     148899.82


      9. Al2O2  = O + Al2O 
         k:       1.000000e+15	    0.00     104249.94


     10. Al2O  = Al + AlO 
         k:       1.000000e+15	    0.00     133199.94


     11. Al2O3  => Al2O3L 
         k:       1.000000e+14	    0.00          0.00


     12. 2O +M  = O2 +M 
         k:       6.160000e+15	   -0.50          0.00
         Third body efficiencies
         Ar                  	enhanced by	   0.000


     13. 2O + Ar  = O2 + Ar 
         k:       1.890000e+13	    0.00      -1788.00


