-----------------------------------------------------------------------------------------------------------------------------------------------------
Name                              MW       Cp@298K        H@298K        G@298K        S@298K      Cp@1000K       H@1000K       G@1000K       S@1000K 
                           [kg/kmol]   [cal/mol/K]    [kcal/mol]    [kcal/mol]   [cal/mol/K]   [cal/mol/K]    [kcal/mol]    [kcal/mol]   [cal/mol/K] 
-----------------------------------------------------------------------------------------------------------------------------------------------------
O                            15.9990        5.2366       59.5470       48.0777       38.4876        5.0005       63.0986       18.4602       44.6384
O2                           31.9980        7.0206       -0.0011      -14.6099       49.0230        8.3364        5.4265      -52.7861       58.2126
C                            12.0110        4.9800      171.2689      160.0103       37.7806        4.9691      174.7586      130.9586       43.8000
CO                           28.0100        6.9641      -26.4155      -40.4908       47.2326        7.9253      -21.2309      -77.2827       56.0517
CO2                          44.0090        8.8730      -94.0423     -109.2660       51.0864       12.9817      -86.0597     -150.4140       64.3543
AL                           26.9815        5.1121       78.8626       67.1444       39.3229        4.9829       82.3775       36.9802       45.3972
ALO                          42.9805        7.3802       16.0868        0.5351       52.1868        8.8835       21.9067      -40.1395       62.0462
ALO2                         58.9795       12.3447       -9.2403      -28.4181       64.3551       14.5110        0.4803      -80.3829       80.8632
AL2O                         69.9620       12.4204      -35.5170      -53.5423       60.4878       14.4942      -25.7915     -102.8074       77.0159
AL2O2                        85.9610       16.2777      -96.3341     -116.8450       68.8285       20.0245      -83.1290     -174.2836       91.1546
AL2O3                       101.9600       18.6211     -130.4474     -152.9361       75.4653       24.8274     -114.2679     -216.9209      102.6530
AL2O3L                      101.9600       38.9298     -391.3016     -391.7496        1.5036       38.9298     -363.9728     -412.6072       48.6344
N2                           28.0140        6.9601       -0.0010      -13.6457       45.7873        7.8106        5.1296      -49.4000       54.5296
AR                           39.9480        4.9675       -0.0007      -11.0276       37.0027        4.9675        3.4864      -39.5302       43.0167
-----------------------------------------------------------------------------------------------------------------------------------------------------

 ====================================================================================================
   THERMO TABLE FOR MOLECULE O
 ====================================================================================================
   Elemental Composition:
     O 1.0000
   Formation Enthalpy at 298K =          59.5470 kcal/mol
   Formation Free Gibbs Energy at 298K = 48.0777 kcal/mol
   Molecular Weight =                    15.9990 kg/kmol
 -----------------------------------------------------------------------------------------------------
   Temperature       Cp             H             G            S             DH            DG         
       [K]       [cal/mol/K]    [kcal/mol]    [kcal/mol]  [cal/(mol-K)]  [kcal/mol]     [kcal/mol]    
 -----------------------------------------------------------------------------------------------------
     300.0000      5.2338        59.5575       48.0007       38.5226       0.0105        -0.0770       
     600.0000      5.0516        61.0914       35.8472       42.0737       1.5444        -12.2306      
     800.0000      5.0155        62.0981       27.2805       43.5220       2.5511        -20.7972      
     1000.0000     5.0005        63.0986       18.4602       44.6384       3.5516        -29.6175      
     1200.0000     4.9921        64.0979       9.4387        45.5494       4.5509        -38.6391      
     1400.0000     4.9853        65.0956       0.2499        46.3184       5.5486        -47.8278      
     1600.0000     4.9801        66.0921       -9.0818       46.9837       6.5451        -57.1595      
     1800.0000     4.9769        67.0878       -18.5383      47.5701       7.5408        -66.6161      
     2000.0000     4.9759        68.0830       -28.1057      48.0944       8.5360        -76.1834      
     2200.0000     4.9770        69.0783       -37.7728      48.5687       9.5312        -85.8505      
     2400.0000     4.9805        70.0740       -47.5304      49.0018       10.5270       -95.6082      
     2600.0000     4.9863        71.0706       -57.3712      49.4007       11.5236       -105.4489     
 -----------------------------------------------------------------------------------------------------


 ====================================================================================================
   THERMO TABLE FOR MOLECULE O2
 ====================================================================================================
   Elemental Composition:
     O 2.0000
   Formation Enthalpy at 298K =          -0.0011 kcal/mol
   Formation Free Gibbs Energy at 298K = -14.6099 kcal/mol
   Molecular Weight =                    31.9980 kg/kmol
 -----------------------------------------------------------------------------------------------------
   Temperature       Cp             H             G            S             DH            DG         
       [K]       [cal/mol/K]    [kcal/mol]    [kcal/mol]  [cal/(mol-K)]  [kcal/mol]     [kcal/mol]    
 -----------------------------------------------------------------------------------------------------
     300.0000      7.0232        0.0130        -14.7080      49.0700       0.0140        -0.0981       
     600.0000      7.6672        2.2093        -30.2618      54.1185       2.2104        -15.6519      
     800.0000      8.0655        3.7850        -41.3208      56.3822       3.7861        -26.7109      
     1000.0000     8.3364        5.4265        -52.7861      58.2126       5.4276        -38.1761      
     1200.0000     8.5008        7.1104        -64.5862      59.7472       7.1115        -49.9763      
     1400.0000     8.6528        8.8260        -76.6708      61.0692       8.8270        -62.0609      
     1600.0000     8.7936        10.5708       -89.0034      62.2339       10.5719       -74.3935      
     1800.0000     8.9246        12.3428       -101.5563     63.2773       12.3438       -86.9464      
     2000.0000     9.0467        14.1401       -114.3079     64.2240       14.1411       -99.6980      
     2200.0000     9.1611        15.9609       -127.2407     65.0916       15.9620       -112.6307     
     2400.0000     9.2686        17.8040       -140.3402     65.8934       17.8051       -125.7303     
     2600.0000     9.3701        19.6680       -153.5943     66.6393       19.6690       -138.9844     
 -----------------------------------------------------------------------------------------------------


 ====================================================================================================
   THERMO TABLE FOR MOLECULE C
 ====================================================================================================
   Elemental Composition:
     C 1.0000
   Formation Enthalpy at 298K =          171.2689 kcal/mol
   Formation Free Gibbs Energy at 298K = 160.0103 kcal/mol
   Molecular Weight =                    12.0110 kg/kmol
 -----------------------------------------------------------------------------------------------------
   Temperature       Cp             H             G            S             DH            DG         
       [K]       [cal/mol/K]    [kcal/mol]    [kcal/mol]  [cal/(mol-K)]  [kcal/mol]     [kcal/mol]    
 -----------------------------------------------------------------------------------------------------
     300.0000      4.9798        171.2789      159.9347      37.8139       0.0100        -0.0756       
     600.0000      4.9712        172.7708      148.0140      41.2614       1.5019        -11.9963      
     800.0000      4.9693        173.7649      139.6119      42.6913       2.4960        -20.3984      
     1000.0000     4.9691        174.7586      130.9586      43.8000       3.4897        -29.0517      
     1200.0000     4.9625        175.7516      122.1053      44.7052       4.4827        -37.9050      
     1400.0000     4.9646        176.7442      113.0858      45.4703       5.4753        -46.9245      
     1600.0000     4.9743        177.7380      103.9240      46.1338       6.4691        -56.0863      
     1800.0000     4.9904        178.7344      94.6374       46.7205       7.4654        -65.3729      
     2000.0000     5.0120        179.7345      85.2397       47.2474       8.4656        -74.7706      
     2200.0000     5.0379        180.7394      75.7417       47.7263       9.4705        -84.2686      
     2400.0000     5.0674        181.7499      66.1518       48.1659       10.4810       -93.8584      
     2600.0000     5.0995        182.7666      56.4775       48.5727       11.4976       -103.5328     
 -----------------------------------------------------------------------------------------------------


 ====================================================================================================
   THERMO TABLE FOR MOLECULE CO
 ====================================================================================================
   Elemental Composition:
     C 1.0000
     O 1.0000
   Formation Enthalpy at 298K =          -26.4155 kcal/mol
   Formation Free Gibbs Energy at 298K = -40.4908 kcal/mol
   Molecular Weight =                    28.0100 kg/kmol
 -----------------------------------------------------------------------------------------------------
   Temperature       Cp             H             G            S             DH            DG         
       [K]       [cal/mol/K]    [kcal/mol]    [kcal/mol]  [cal/(mol-K)]  [kcal/mol]     [kcal/mol]    
 -----------------------------------------------------------------------------------------------------
     300.0000      6.9646        -26.4016      -40.5853      47.2792       0.0139        -0.0945       
     600.0000      7.2686        -24.2766      -55.5828      52.1771       2.1389        -15.0920      
     800.0000      7.6220        -22.7882      -66.2406      54.3156       3.6273        -25.7498      
     1000.0000     7.9253        -21.2309      -77.2827      56.0517       5.1845        -36.7919      
     1200.0000     8.1418        -19.6235      -88.6433      57.5165       6.7919        -48.1525      
     1400.0000     8.3197        -17.9768      -100.2763     58.7853       8.4387        -59.7855      
     1600.0000     8.4642        -16.2979      -112.1476     59.9061       10.1176       -71.6568      
     1800.0000     8.5802        -14.5930      -124.2309     60.9100       11.8225       -83.7401      
     2000.0000     8.6721        -12.8674      -136.5053     61.8189       13.5481       -96.0145      
     2200.0000     8.7440        -11.1255      -148.9533     62.6490       15.2900       -108.4625     
     2400.0000     8.7998        -9.3709       -161.5604     63.4123       17.0446       -121.0696     
     2600.0000     8.8427        -7.6064       -174.3144     64.1184       18.8090       -133.8236     
 -----------------------------------------------------------------------------------------------------


 ====================================================================================================
   THERMO TABLE FOR MOLECULE CO2
 ====================================================================================================
   Elemental Composition:
     C 1.0000
     O 2.0000
   Formation Enthalpy at 298K =          -94.0423 kcal/mol
   Formation Free Gibbs Energy at 298K = -109.2660 kcal/mol
   Molecular Weight =                    44.0090 kg/kmol
 -----------------------------------------------------------------------------------------------------
   Temperature       Cp             H             G            S             DH            DG         
       [K]       [cal/mol/K]    [kcal/mol]    [kcal/mol]  [cal/(mol-K)]  [kcal/mol]     [kcal/mol]    
 -----------------------------------------------------------------------------------------------------
     300.0000      8.8943        -94.0245      -109.3683     51.1458       0.0178        -0.1022       
     600.0000      11.3172       -90.9572      -125.8386     58.1358       3.0851        -16.5726      
     800.0000      12.2908       -88.5901      -137.8172     61.5340       5.4522        -28.5512      
     1000.0000     12.9817       -86.0597      -150.4140     64.3543       7.9826        -41.1480      
     1200.0000     13.4129       -83.4188      -163.5315     66.7605       10.6235       -54.2654      
     1400.0000     13.7649       -80.6998      -177.0975     68.8555       13.3425       -67.8315      
     1600.0000     14.0486       -77.9174      -191.0579     70.7128       16.1249       -81.7918      
     1800.0000     14.2739       -75.0843      -205.3701     72.3810       18.9580       -96.1041      
     2000.0000     14.4501       -72.2111      -220.0000     73.8944       21.8311       -110.7340     
     2200.0000     14.5861       -69.3069      -234.9192     75.2783       24.7354       -125.6532     
     2400.0000     14.6896       -66.3789      -250.1040     76.5521       27.6634       -140.8380     
     2600.0000     14.7680       -63.4327      -265.5338     77.7312       30.6095       -156.2678     
 -----------------------------------------------------------------------------------------------------


 ====================================================================================================
   THERMO TABLE FOR MOLECULE AL
 ====================================================================================================
   Elemental Composition:
     AL 1.0000
   Formation Enthalpy at 298K =          78.8626 kcal/mol
   Formation Free Gibbs Energy at 298K = 67.1444 kcal/mol
   Molecular Weight =                    26.9815 kg/kmol
 -----------------------------------------------------------------------------------------------------
   Temperature       Cp             H             G            S             DH            DG         
       [K]       [cal/mol/K]    [kcal/mol]    [kcal/mol]  [cal/(mol-K)]  [kcal/mol]     [kcal/mol]    
 -----------------------------------------------------------------------------------------------------
     300.0000      5.1098        78.8728       67.0657       39.3570       0.0102        -0.0787       
     600.0000      5.0059        80.3822       54.6732       42.8482       1.5196        -12.4711      
     800.0000      4.9871        81.3819       45.9528       44.2864       2.5193        -21.1916      
     1000.0000     4.9829        82.3775       36.9802       45.3972       3.5149        -30.1641      
     1200.0000     4.9789        83.3736       27.8072       46.3054       4.5111        -39.3371      
     1400.0000     4.9759        84.3691       18.4674       47.0726       5.5065        -48.6769      
     1600.0000     4.9735        85.3640       8.9850        47.7369       6.5015        -58.1594      
     1800.0000     4.9717        86.3585       -0.6221       48.3226       7.4960        -67.7665      
     2000.0000     4.9702        87.3527       -10.3399      48.8463       8.4902        -77.4843      
     2200.0000     4.9691        88.3467       -20.1573      49.3200       9.4841        -87.3017      
     2400.0000     4.9683        89.3404       -30.0652      49.7523       10.4778       -97.2095      
     2600.0000     4.9679        90.3340       -40.0559      50.1500       11.4714       -107.2003     
 -----------------------------------------------------------------------------------------------------


 ====================================================================================================
   THERMO TABLE FOR MOLECULE ALO
 ====================================================================================================
   Elemental Composition:
     AL 1.0000
     O 1.0000
   Formation Enthalpy at 298K =          16.0868 kcal/mol
   Formation Free Gibbs Energy at 298K = 0.5351 kcal/mol
   Molecular Weight =                    42.9805 kg/kmol
 -----------------------------------------------------------------------------------------------------
   Temperature       Cp             H             G            S             DH            DG         
       [K]       [cal/mol/K]    [kcal/mol]    [kcal/mol]  [cal/(mol-K)]  [kcal/mol]     [kcal/mol]    
 -----------------------------------------------------------------------------------------------------
     300.0000      7.3875        16.1015       0.4307        52.2361       0.0148        -0.1044       
     600.0000      8.3042        18.4676       -16.1318      57.6657       2.3809        -16.6669      
     800.0000      8.6025        20.1617       -27.9186      60.1005       4.0750        -28.4537      
     1000.0000     8.8835        21.9067       -40.1395      62.0462       5.8199        -40.6746      
     1200.0000     9.3442        23.7304       -52.7185      63.7074       7.6436        -53.2536      
     1400.0000     9.7512        25.6408       -65.6099      65.1791       9.5540        -66.1450      
     1600.0000     10.1062       27.6274       -78.7805      66.5049       11.5406       -79.3156      
     1800.0000     10.4115       29.6800       -92.2041      67.7134       13.5932       -92.7392      
     2000.0000     10.6694       31.7888       -105.8593     68.8241       15.7021       -106.3944     
     2200.0000     10.8824       33.9448       -119.7281     69.8513       17.8580       -120.2633     
     2400.0000     11.0531       36.1390       -133.7950     70.8058       20.0522       -134.3301     
     2600.0000     11.1844       38.3634       -148.0462     71.6960       22.2766       -148.5813     
 -----------------------------------------------------------------------------------------------------


 ====================================================================================================
   THERMO TABLE FOR MOLECULE ALO2
 ====================================================================================================
   Elemental Composition:
     AL 1.0000
     O 2.0000
   Formation Enthalpy at 298K =          -9.2403 kcal/mol
   Formation Free Gibbs Energy at 298K = -28.4181 kcal/mol
   Molecular Weight =                    58.9795 kg/kmol
 -----------------------------------------------------------------------------------------------------
   Temperature       Cp             H             G            S             DH            DG         
       [K]       [cal/mol/K]    [kcal/mol]    [kcal/mol]  [cal/(mol-K)]  [kcal/mol]     [kcal/mol]    
 -----------------------------------------------------------------------------------------------------
     300.0000      12.3613       -9.2156       -28.5469      64.4377       0.0247        -0.1288       
     600.0000      13.9333       -5.2305       -49.3797      73.5820       4.0098        -20.9616      
     800.0000      14.3045       -2.4013       -64.5205      77.6491       6.8390        -36.1024      
     1000.0000     14.5110       0.4803        -80.3829      80.8632       9.7206        -51.9648      
     1200.0000     14.6059       3.3924        -96.8288      83.5177       12.6327       -68.4107      
     1400.0000     14.6797       6.3213        -113.7637     85.7750       15.5616       -85.3456      
     1600.0000     14.7361       9.2631        -131.1193     87.7390       18.5034       -102.7012     
     1800.0000     14.7786       12.2148       -148.8443     89.4772       21.4551       -120.4262     
     2000.0000     14.8102       15.1738       -166.8983     91.0360       24.4141       -138.4802     
     2200.0000     14.8339       18.1383       -185.2490     92.4488       27.3786       -156.8309     
     2400.0000     14.8522       21.1070       -203.8697     93.7403       30.3473       -175.4516     
     2600.0000     14.8674       24.0790       -222.7383     94.9297       33.3193       -194.3202     
 -----------------------------------------------------------------------------------------------------


 ====================================================================================================
   THERMO TABLE FOR MOLECULE AL2O
 ====================================================================================================
   Elemental Composition:
     AL 2.0000
     O 1.0000
   Formation Enthalpy at 298K =          -35.5170 kcal/mol
   Formation Free Gibbs Energy at 298K = -53.5423 kcal/mol
   Molecular Weight =                    69.9620 kg/kmol
 -----------------------------------------------------------------------------------------------------
   Temperature       Cp             H             G            S             DH            DG         
       [K]       [cal/mol/K]    [kcal/mol]    [kcal/mol]  [cal/(mol-K)]  [kcal/mol]     [kcal/mol]    
 -----------------------------------------------------------------------------------------------------
     300.0000      12.4371       -35.4921      -53.6634      60.5710       0.0249        -0.1211       
     600.0000      13.9142       -31.4974      -73.3424      69.7416       4.0195        -19.8001      
     800.0000      14.2930       -28.6726      -87.7144      73.8022       6.8443        -34.1721      
     1000.0000     14.4942       -25.7915      -102.8074     77.0159       9.7255        -49.2651      
     1200.0000     14.5915       -22.8826      -118.4835     79.6675       12.6344       -64.9412      
     1400.0000     14.6684       -19.9563      -134.6482     81.9228       15.5607       -81.1058      
     1600.0000     14.7279       -17.0164      -151.2332     83.8856       18.5006       -97.6909      
     1800.0000     14.7728       -14.0661      -168.1874     85.6230       21.4509       -114.6451     
     2000.0000     14.8054       -11.1081      -185.4705     87.1812       24.4089       -131.9282     
     2200.0000     14.8283       -8.1445       -203.0502     88.5935       27.3724       -149.5079     
     2400.0000     14.8434       -5.1772       -220.8998     89.8844       30.3397       -167.3575     
     2600.0000     14.8527       -2.2075       -238.9971     91.0729       33.3094       -185.4548     
 -----------------------------------------------------------------------------------------------------


 ====================================================================================================
   THERMO TABLE FOR MOLECULE AL2O2
 ====================================================================================================
   Elemental Composition:
     AL 2.0000
     O 2.0000
   Formation Enthalpy at 298K =          -96.3341 kcal/mol
   Formation Free Gibbs Energy at 298K = -116.8450 kcal/mol
   Molecular Weight =                    85.9610 kg/kmol
 -----------------------------------------------------------------------------------------------------
   Temperature       Cp             H             G            S             DH            DG         
       [K]       [cal/mol/K]    [kcal/mol]    [kcal/mol]  [cal/(mol-K)]  [kcal/mol]     [kcal/mol]    
 -----------------------------------------------------------------------------------------------------
     300.0000      16.3051       -96.3016      -116.9828     68.9375       0.0326        -0.1378       
     600.0000      18.8922       -90.9574      -139.6664     81.1817       5.3768        -22.8214      
     800.0000      19.6246       -87.0981      -156.4804     86.7279       9.2361        -39.6354      
     1000.0000     20.0245       -83.1290      -174.2836     91.1546       13.2051       -57.4386      
     1200.0000     20.2222       -79.1036      -192.8920     94.8237       17.2305       -76.0470      
     1400.0000     20.3788       -75.0429      -212.1773     97.9532       21.2913       -95.3323      
     1600.0000     20.5001       -70.9544      -232.0467     100.6827      25.3797       -115.2017     
     1800.0000     20.5918       -66.8448      -252.4298     103.1028      29.4893       -135.5848     
     2000.0000     20.6590       -62.7193      -273.2714     105.2760      33.6148       -156.4264     
     2200.0000     20.7063       -58.5825      -294.5268     107.2474      37.7516       -177.6818     
     2400.0000     20.7378       -54.4379      -316.1592     109.0505      41.8963       -199.3141     
     2600.0000     20.7575       -50.2882      -338.1376     110.7113      46.0460       -221.2925     
 -----------------------------------------------------------------------------------------------------


 ====================================================================================================
   THERMO TABLE FOR MOLECULE AL2O3
 ====================================================================================================
   Elemental Composition:
     AL 2.0000
     O 3.0000
   Formation Enthalpy at 298K =          -130.4474 kcal/mol
   Formation Free Gibbs Energy at 298K = -152.9361 kcal/mol
   Molecular Weight =                    101.9600 kg/kmol
 -----------------------------------------------------------------------------------------------------
   Temperature       Cp             H             G            S             DH            DG         
       [K]       [cal/mol/K]    [kcal/mol]    [kcal/mol]  [cal/(mol-K)]  [kcal/mol]     [kcal/mol]    
 -----------------------------------------------------------------------------------------------------
     300.0000      18.6773       -130.4101     -153.0871     75.5900       0.0373        -0.1511       
     600.0000      23.2992       -123.9604     -178.1452     90.3080       6.4870        -25.2091      
     800.0000      24.3056       -119.1882     -196.9206     97.1655       11.2592       -43.9845      
     1000.0000     24.8274       -114.2679     -216.9209     102.6530      16.1795       -63.9848      
     1200.0000     25.0910       -109.2748     -237.9196     107.2040      21.1726       -84.9835      
     1400.0000     25.2888       -104.2359     -259.7582     111.0874      26.2116       -106.8221     
     1600.0000     25.4326       -99.1629      -282.3216     114.4741      31.2845       -129.3855     
     1800.0000     25.5334       -94.0657      -305.5223     117.4759      36.3817       -152.5862     
     2000.0000     25.6008       -88.9518      -329.2914     120.1698      41.4956       -176.3554     
     2200.0000     25.6434       -83.8270      -353.5734     122.6120      46.6204       -200.6373     
     2400.0000     25.6686       -78.6956      -378.3223     124.8445      51.7518       -225.3862     
     2600.0000     25.6828       -73.5603      -403.4994     126.8997      56.8871       -250.5633     
 -----------------------------------------------------------------------------------------------------


 ====================================================================================================
   THERMO TABLE FOR MOLECULE AL2O3L
 ====================================================================================================
   Elemental Composition:
     AL 2.0000
     O 3.0000
   Formation Enthalpy at 298K =          -391.3016 kcal/mol
   Formation Free Gibbs Energy at 298K = -391.7496 kcal/mol
   Molecular Weight =                    101.9600 kg/kmol
 -----------------------------------------------------------------------------------------------------
   Temperature       Cp             H             G            S             DH            DG         
       [K]       [cal/mol/K]    [kcal/mol]    [kcal/mol]  [cal/(mol-K)]  [kcal/mol]     [kcal/mol]    
 -----------------------------------------------------------------------------------------------------
     300.0000      38.9298       -391.2237     -391.7529     1.7640        0.0779        -0.0033       
     600.0000      38.9298       -379.5448     -396.7936     28.7481       11.7568       -5.0440       
     800.0000      38.9298       -371.7588     -403.7168     39.9475       19.5428       -11.9671      
     1000.0000     38.9298       -363.9728     -412.6072     48.6344       27.3287       -20.8576      
     1200.0000     38.9298       -356.1869     -423.0655     55.7321       35.1147       -31.3158      
     1400.0000     38.9298       -348.4009     -434.8274     61.7332       42.9006       -43.0778      
     1600.0000     38.9298       -340.6149     -447.7054     66.9316       50.6866       -55.9558      
     1800.0000     38.9298       -332.8290     -461.5593     71.5168       58.4726       -69.8097      
     2000.0000     38.9298       -325.0430     -476.2800     75.6185       66.2585       -84.5304      
     2200.0000     38.9298       -317.2571     -491.7806     79.3289       74.0445       -100.0310     
     2400.0000     38.9298       -309.4711     -507.9901     82.7162       81.8305       -116.2404     
     2600.0000     38.9298       -301.6851     -524.8491     85.8323       89.6164       -133.0995     
 -----------------------------------------------------------------------------------------------------


 ====================================================================================================
   THERMO TABLE FOR MOLECULE N2
 ====================================================================================================
   Elemental Composition:
     N 2.0000
   Formation Enthalpy at 298K =          -0.0010 kcal/mol
   Formation Free Gibbs Energy at 298K = -13.6457 kcal/mol
   Molecular Weight =                    28.0140 kg/kmol
 -----------------------------------------------------------------------------------------------------
   Temperature       Cp             H             G            S             DH            DG         
       [K]       [cal/mol/K]    [kcal/mol]    [kcal/mol]  [cal/(mol-K)]  [kcal/mol]     [kcal/mol]    
 -----------------------------------------------------------------------------------------------------
     300.0000      6.9604        0.0129        -13.7373      45.8339       0.0139        -0.0916       
     600.0000      7.1913        2.1264        -28.2986      50.7083       2.1274        -14.6529      
     800.0000      7.5108        3.5954        -38.6599      52.8191       3.5964        -25.0142      
     1000.0000     7.8106        5.1296        -49.4000      54.5296       5.1307        -35.7543      
     1200.0000     8.0389        6.7153        -60.4541      55.9745       6.7163        -46.8084      
     1400.0000     8.2275        8.3425        -71.7771      57.2283       8.3436        -58.1314      
     1600.0000     8.3816        10.0040       -83.3358      58.3374       10.0050       -69.6901      
     1800.0000     8.5062        11.6932       -95.1045      59.3320       11.6943       -81.4588      
     2000.0000     8.6056        13.4048       -107.0624     60.2336       13.4058       -93.4168      
     2200.0000     8.6840        15.1340       -119.1927     61.0576       15.1351       -105.5471     
     2400.0000     8.7454        16.8772       -131.4811     61.8160       16.8783       -117.8354     
     2600.0000     8.7930        18.6313       -143.9154     62.5179       18.6323       -130.2697     
 -----------------------------------------------------------------------------------------------------


 ====================================================================================================
   THERMO TABLE FOR MOLECULE AR
 ====================================================================================================
   Elemental Composition:
     AR 1.0000
   Formation Enthalpy at 298K =          -0.0007 kcal/mol
   Formation Free Gibbs Energy at 298K = -11.0276 kcal/mol
   Molecular Weight =                    39.9480 kg/kmol
 -----------------------------------------------------------------------------------------------------
   Temperature       Cp             H             G            S             DH            DG         
       [K]       [cal/mol/K]    [kcal/mol]    [kcal/mol]  [cal/(mol-K)]  [kcal/mol]     [kcal/mol]    
 -----------------------------------------------------------------------------------------------------
     300.0000      4.9675        0.0092        -11.1016      37.0360       0.0099        -0.0740       
     600.0000      4.9675        1.4994        -22.7881      40.4792       1.5002        -11.7605      
     800.0000      4.9675        2.4929        -31.0336      41.9082       2.4937        -20.0061      
     1000.0000     4.9675        3.4864        -39.5302      43.0167       3.4872        -28.5027      
     1200.0000     4.9675        4.4799        -48.2269      43.9224       4.4807        -37.1993      
     1400.0000     4.9675        5.4734        -57.0899      44.6881       5.4742        -46.0624      
     1600.0000     4.9675        6.4669        -66.0953      45.3514       6.4677        -55.0678      
     1800.0000     4.9675        7.4604        -75.2253      45.9365       7.4612        -64.1977      
     2000.0000     4.9675        8.4539        -84.4659      46.4599       8.4547        -73.4383      
     2200.0000     4.9675        9.4474        -93.8059      46.9333       9.4482        -82.7784      
     2400.0000     4.9675        10.4409       -103.2364     47.3656       10.4417       -92.2089      
     2600.0000     4.9675        11.4344       -112.7499     47.7632       11.4352       -101.7223     
 -----------------------------------------------------------------------------------------------------


